ARM GAS  C:\tmp\cc2mYzJb.s 			page 1


   1              		.syntax unified
   2              		.cpu cortex-m0
   3              		.fpu softvfp
   4              		.eabi_attribute 20, 1
   5              		.eabi_attribute 21, 1
   6              		.eabi_attribute 23, 3
   7              		.eabi_attribute 24, 1
   8              		.eabi_attribute 25, 1
   9              		.eabi_attribute 26, 1
  10              		.eabi_attribute 30, 1
  11              		.eabi_attribute 34, 0
  12              		.eabi_attribute 18, 4
  13              		.thumb
  14              		.syntax unified
  15              		.file	"cyfitter_cfg.c"
  16              		.text
  17              	.Ltext0:
  18              		.cfi_sections	.debug_frame
  19              		.section	.text.AnalogSetDefault,"ax",%progbits
  20              		.align	2
  21              		.code	16
  22              		.thumb_func
  23              		.type	AnalogSetDefault, %function
  24              	AnalogSetDefault:
  25              	.LFB6:
  26              		.file 1 "Generated_Source\\PSoC4\\cyfitter_cfg.c"
   1:Generated_Source\PSoC4/cyfitter_cfg.c **** 
   2:Generated_Source\PSoC4/cyfitter_cfg.c **** /*******************************************************************************
   3:Generated_Source\PSoC4/cyfitter_cfg.c **** * File Name: cyfitter_cfg.c
   4:Generated_Source\PSoC4/cyfitter_cfg.c **** * 
   5:Generated_Source\PSoC4/cyfitter_cfg.c **** * PSoC Creator  4.4
   6:Generated_Source\PSoC4/cyfitter_cfg.c **** *
   7:Generated_Source\PSoC4/cyfitter_cfg.c **** * Description:
   8:Generated_Source\PSoC4/cyfitter_cfg.c **** * This file contains device initialization code.
   9:Generated_Source\PSoC4/cyfitter_cfg.c **** * Except for the user defined sections in CyClockStartupError(), this file should not be modified.
  10:Generated_Source\PSoC4/cyfitter_cfg.c **** * This file is automatically generated by PSoC Creator.
  11:Generated_Source\PSoC4/cyfitter_cfg.c **** *
  12:Generated_Source\PSoC4/cyfitter_cfg.c **** ********************************************************************************
  13:Generated_Source\PSoC4/cyfitter_cfg.c **** * Copyright (c) 2007-2020 Cypress Semiconductor.  All rights reserved.
  14:Generated_Source\PSoC4/cyfitter_cfg.c **** * You may use this file only in accordance with the license, terms, conditions, 
  15:Generated_Source\PSoC4/cyfitter_cfg.c **** * disclaimers, and limitations in the end user license agreement accompanying 
  16:Generated_Source\PSoC4/cyfitter_cfg.c **** * the software package with which this file was provided.
  17:Generated_Source\PSoC4/cyfitter_cfg.c **** ********************************************************************************/
  18:Generated_Source\PSoC4/cyfitter_cfg.c **** 
  19:Generated_Source\PSoC4/cyfitter_cfg.c **** #include <string.h>
  20:Generated_Source\PSoC4/cyfitter_cfg.c **** #include "cytypes.h"
  21:Generated_Source\PSoC4/cyfitter_cfg.c **** #include "cydevice_trm.h"
  22:Generated_Source\PSoC4/cyfitter_cfg.c **** #include "cyfitter.h"
  23:Generated_Source\PSoC4/cyfitter_cfg.c **** #include "CyLib.h"
  24:Generated_Source\PSoC4/cyfitter_cfg.c **** #include "CyLFClk.h"
  25:Generated_Source\PSoC4/cyfitter_cfg.c **** #include "cyfitter_cfg.h"
  26:Generated_Source\PSoC4/cyfitter_cfg.c **** #include "cyapicallbacks.h"
  27:Generated_Source\PSoC4/cyfitter_cfg.c **** 
  28:Generated_Source\PSoC4/cyfitter_cfg.c **** 
  29:Generated_Source\PSoC4/cyfitter_cfg.c **** #if defined(__GNUC__) || defined(__ARMCC_VERSION)
  30:Generated_Source\PSoC4/cyfitter_cfg.c ****     #define CYPACKED 
  31:Generated_Source\PSoC4/cyfitter_cfg.c ****     #define CYPACKED_ATTR __attribute__ ((packed))
ARM GAS  C:\tmp\cc2mYzJb.s 			page 2


  32:Generated_Source\PSoC4/cyfitter_cfg.c ****     #define CYALIGNED __attribute__ ((aligned))
  33:Generated_Source\PSoC4/cyfitter_cfg.c ****     #define CY_CFG_UNUSED __attribute__ ((unused))
  34:Generated_Source\PSoC4/cyfitter_cfg.c ****     #ifndef CY_CFG_SECTION
  35:Generated_Source\PSoC4/cyfitter_cfg.c ****         #define CY_CFG_SECTION __attribute__ ((section(".psocinit")))
  36:Generated_Source\PSoC4/cyfitter_cfg.c ****     #endif
  37:Generated_Source\PSoC4/cyfitter_cfg.c ****     
  38:Generated_Source\PSoC4/cyfitter_cfg.c ****     #if defined(__ARMCC_VERSION)
  39:Generated_Source\PSoC4/cyfitter_cfg.c ****         #define CY_CFG_MEMORY_BARRIER() __memory_changed()
  40:Generated_Source\PSoC4/cyfitter_cfg.c ****     #else
  41:Generated_Source\PSoC4/cyfitter_cfg.c ****         #define CY_CFG_MEMORY_BARRIER() __sync_synchronize()
  42:Generated_Source\PSoC4/cyfitter_cfg.c ****     #endif
  43:Generated_Source\PSoC4/cyfitter_cfg.c ****     
  44:Generated_Source\PSoC4/cyfitter_cfg.c **** #elif defined(__ICCARM__)
  45:Generated_Source\PSoC4/cyfitter_cfg.c ****     #include <intrinsics.h>
  46:Generated_Source\PSoC4/cyfitter_cfg.c **** 
  47:Generated_Source\PSoC4/cyfitter_cfg.c ****     #define CYPACKED __packed
  48:Generated_Source\PSoC4/cyfitter_cfg.c ****     #define CYPACKED_ATTR 
  49:Generated_Source\PSoC4/cyfitter_cfg.c ****     #define CYALIGNED _Pragma("data_alignment=4")
  50:Generated_Source\PSoC4/cyfitter_cfg.c ****     #define CY_CFG_UNUSED _Pragma("diag_suppress=Pe177")
  51:Generated_Source\PSoC4/cyfitter_cfg.c ****     #define CY_CFG_SECTION _Pragma("location=\".psocinit\"")
  52:Generated_Source\PSoC4/cyfitter_cfg.c ****     
  53:Generated_Source\PSoC4/cyfitter_cfg.c ****     #define CY_CFG_MEMORY_BARRIER() __DMB()
  54:Generated_Source\PSoC4/cyfitter_cfg.c ****     
  55:Generated_Source\PSoC4/cyfitter_cfg.c **** #else
  56:Generated_Source\PSoC4/cyfitter_cfg.c ****     #error Unsupported toolchain
  57:Generated_Source\PSoC4/cyfitter_cfg.c **** #endif
  58:Generated_Source\PSoC4/cyfitter_cfg.c **** 
  59:Generated_Source\PSoC4/cyfitter_cfg.c **** #ifndef CYCODE
  60:Generated_Source\PSoC4/cyfitter_cfg.c ****     #define CYCODE
  61:Generated_Source\PSoC4/cyfitter_cfg.c **** #endif
  62:Generated_Source\PSoC4/cyfitter_cfg.c **** #ifndef CYDATA
  63:Generated_Source\PSoC4/cyfitter_cfg.c ****     #define CYDATA
  64:Generated_Source\PSoC4/cyfitter_cfg.c **** #endif
  65:Generated_Source\PSoC4/cyfitter_cfg.c **** #ifndef CYFAR
  66:Generated_Source\PSoC4/cyfitter_cfg.c ****     #define CYFAR
  67:Generated_Source\PSoC4/cyfitter_cfg.c **** #endif
  68:Generated_Source\PSoC4/cyfitter_cfg.c **** #ifndef CYXDATA
  69:Generated_Source\PSoC4/cyfitter_cfg.c ****     #define CYXDATA
  70:Generated_Source\PSoC4/cyfitter_cfg.c **** #endif
  71:Generated_Source\PSoC4/cyfitter_cfg.c **** 
  72:Generated_Source\PSoC4/cyfitter_cfg.c **** 
  73:Generated_Source\PSoC4/cyfitter_cfg.c **** CY_CFG_UNUSED
  74:Generated_Source\PSoC4/cyfitter_cfg.c **** static void CYMEMZERO(void *s, size_t n);
  75:Generated_Source\PSoC4/cyfitter_cfg.c **** CY_CFG_UNUSED
  76:Generated_Source\PSoC4/cyfitter_cfg.c **** static void CYMEMZERO(void *s, size_t n)
  77:Generated_Source\PSoC4/cyfitter_cfg.c **** {
  78:Generated_Source\PSoC4/cyfitter_cfg.c **** 	(void)memset(s, 0, n);
  79:Generated_Source\PSoC4/cyfitter_cfg.c **** }
  80:Generated_Source\PSoC4/cyfitter_cfg.c **** CY_CFG_UNUSED
  81:Generated_Source\PSoC4/cyfitter_cfg.c **** static void CYCONFIGCPY(void *dest, const void *src, size_t n);
  82:Generated_Source\PSoC4/cyfitter_cfg.c **** CY_CFG_UNUSED
  83:Generated_Source\PSoC4/cyfitter_cfg.c **** static void CYCONFIGCPY(void *dest, const void *src, size_t n)
  84:Generated_Source\PSoC4/cyfitter_cfg.c **** {
  85:Generated_Source\PSoC4/cyfitter_cfg.c **** 	(void)memcpy(dest, src, n);
  86:Generated_Source\PSoC4/cyfitter_cfg.c **** }
  87:Generated_Source\PSoC4/cyfitter_cfg.c **** CY_CFG_UNUSED
  88:Generated_Source\PSoC4/cyfitter_cfg.c **** static void CYCONFIGCPYCODE(void *dest, const void *src, size_t n);
ARM GAS  C:\tmp\cc2mYzJb.s 			page 3


  89:Generated_Source\PSoC4/cyfitter_cfg.c **** CY_CFG_UNUSED
  90:Generated_Source\PSoC4/cyfitter_cfg.c **** static void CYCONFIGCPYCODE(void *dest, const void *src, size_t n)
  91:Generated_Source\PSoC4/cyfitter_cfg.c **** {
  92:Generated_Source\PSoC4/cyfitter_cfg.c **** 	(void)memcpy(dest, src, n);
  93:Generated_Source\PSoC4/cyfitter_cfg.c **** }
  94:Generated_Source\PSoC4/cyfitter_cfg.c **** 
  95:Generated_Source\PSoC4/cyfitter_cfg.c **** 
  96:Generated_Source\PSoC4/cyfitter_cfg.c **** 
  97:Generated_Source\PSoC4/cyfitter_cfg.c **** 
  98:Generated_Source\PSoC4/cyfitter_cfg.c **** /* Clock startup error codes                                                   */
  99:Generated_Source\PSoC4/cyfitter_cfg.c **** #define CYCLOCKSTART_NO_ERROR    0u
 100:Generated_Source\PSoC4/cyfitter_cfg.c **** #define CYCLOCKSTART_XTAL_ERROR  1u
 101:Generated_Source\PSoC4/cyfitter_cfg.c **** #define CYCLOCKSTART_32KHZ_ERROR 2u
 102:Generated_Source\PSoC4/cyfitter_cfg.c **** #define CYCLOCKSTART_PLL_ERROR   3u
 103:Generated_Source\PSoC4/cyfitter_cfg.c **** #define CYCLOCKSTART_FLL_ERROR   4u
 104:Generated_Source\PSoC4/cyfitter_cfg.c **** #define CYCLOCKSTART_WCO_ERROR   5u
 105:Generated_Source\PSoC4/cyfitter_cfg.c **** 
 106:Generated_Source\PSoC4/cyfitter_cfg.c **** 
 107:Generated_Source\PSoC4/cyfitter_cfg.c **** #ifdef CY_NEED_CYCLOCKSTARTUPERROR
 108:Generated_Source\PSoC4/cyfitter_cfg.c **** /*******************************************************************************
 109:Generated_Source\PSoC4/cyfitter_cfg.c **** * Function Name: CyClockStartupError
 110:Generated_Source\PSoC4/cyfitter_cfg.c **** ********************************************************************************
 111:Generated_Source\PSoC4/cyfitter_cfg.c **** * Summary:
 112:Generated_Source\PSoC4/cyfitter_cfg.c **** *  If an error is encountered during clock configuration (crystal startup error,
 113:Generated_Source\PSoC4/cyfitter_cfg.c **** *  PLL lock error, etc.), the system will end up here.  Unless reimplemented by
 114:Generated_Source\PSoC4/cyfitter_cfg.c **** *  the customer, this function will stop in an infinite loop.
 115:Generated_Source\PSoC4/cyfitter_cfg.c **** *
 116:Generated_Source\PSoC4/cyfitter_cfg.c **** * Parameters:
 117:Generated_Source\PSoC4/cyfitter_cfg.c **** *   void
 118:Generated_Source\PSoC4/cyfitter_cfg.c **** *
 119:Generated_Source\PSoC4/cyfitter_cfg.c **** * Return:
 120:Generated_Source\PSoC4/cyfitter_cfg.c **** *   void
 121:Generated_Source\PSoC4/cyfitter_cfg.c **** *
 122:Generated_Source\PSoC4/cyfitter_cfg.c **** *******************************************************************************/
 123:Generated_Source\PSoC4/cyfitter_cfg.c **** CY_CFG_UNUSED
 124:Generated_Source\PSoC4/cyfitter_cfg.c **** static void CyClockStartupError(uint8 errorCode);
 125:Generated_Source\PSoC4/cyfitter_cfg.c **** CY_CFG_UNUSED
 126:Generated_Source\PSoC4/cyfitter_cfg.c **** static void CyClockStartupError(uint8 errorCode)
 127:Generated_Source\PSoC4/cyfitter_cfg.c **** {
 128:Generated_Source\PSoC4/cyfitter_cfg.c ****     /* To remove the compiler warning if errorCode not used.                */
 129:Generated_Source\PSoC4/cyfitter_cfg.c ****     errorCode = errorCode;
 130:Generated_Source\PSoC4/cyfitter_cfg.c **** 
 131:Generated_Source\PSoC4/cyfitter_cfg.c ****     /* If we have a clock startup error (bad MHz crystal, PLL lock, etc.),  */
 132:Generated_Source\PSoC4/cyfitter_cfg.c ****     /* we will end up here to allow the customer to implement something to  */
 133:Generated_Source\PSoC4/cyfitter_cfg.c ****     /* deal with the clock condition.                                       */
 134:Generated_Source\PSoC4/cyfitter_cfg.c **** 
 135:Generated_Source\PSoC4/cyfitter_cfg.c **** #ifdef CY_CFG_CLOCK_STARTUP_ERROR_CALLBACK
 136:Generated_Source\PSoC4/cyfitter_cfg.c ****     CY_CFG_Clock_Startup_ErrorCallback();
 137:Generated_Source\PSoC4/cyfitter_cfg.c **** #else
 138:Generated_Source\PSoC4/cyfitter_cfg.c ****     /*  If not using CY_CFG_CLOCK_STARTUP_ERROR_CALLBACK, place your clock startup code here. */
 139:Generated_Source\PSoC4/cyfitter_cfg.c ****     /* `#START CyClockStartupError` */
 140:Generated_Source\PSoC4/cyfitter_cfg.c **** 
 141:Generated_Source\PSoC4/cyfitter_cfg.c **** 
 142:Generated_Source\PSoC4/cyfitter_cfg.c **** 
 143:Generated_Source\PSoC4/cyfitter_cfg.c ****     /* `#END` */
 144:Generated_Source\PSoC4/cyfitter_cfg.c **** 
 145:Generated_Source\PSoC4/cyfitter_cfg.c ****     while(1) {}
ARM GAS  C:\tmp\cc2mYzJb.s 			page 4


 146:Generated_Source\PSoC4/cyfitter_cfg.c **** #endif /* CY_CFG_CLOCK_STARTUP_ERROR_CALLBACK */
 147:Generated_Source\PSoC4/cyfitter_cfg.c **** }
 148:Generated_Source\PSoC4/cyfitter_cfg.c **** #endif
 149:Generated_Source\PSoC4/cyfitter_cfg.c **** 
 150:Generated_Source\PSoC4/cyfitter_cfg.c **** 
 151:Generated_Source\PSoC4/cyfitter_cfg.c **** 
 152:Generated_Source\PSoC4/cyfitter_cfg.c **** /*******************************************************************************
 153:Generated_Source\PSoC4/cyfitter_cfg.c **** * Function Name: ClockSetup
 154:Generated_Source\PSoC4/cyfitter_cfg.c **** ********************************************************************************
 155:Generated_Source\PSoC4/cyfitter_cfg.c **** *
 156:Generated_Source\PSoC4/cyfitter_cfg.c **** * Summary:
 157:Generated_Source\PSoC4/cyfitter_cfg.c **** *   Performs the initialization of all of the clocks in the device based on the
 158:Generated_Source\PSoC4/cyfitter_cfg.c **** *   settings in the Clock tab of the DWR.  This includes enabling the requested
 159:Generated_Source\PSoC4/cyfitter_cfg.c **** *   clocks and setting the necessary dividers to produce the desired frequency. 
 160:Generated_Source\PSoC4/cyfitter_cfg.c **** *
 161:Generated_Source\PSoC4/cyfitter_cfg.c **** * Parameters:
 162:Generated_Source\PSoC4/cyfitter_cfg.c **** *   void
 163:Generated_Source\PSoC4/cyfitter_cfg.c **** *
 164:Generated_Source\PSoC4/cyfitter_cfg.c **** * Return:
 165:Generated_Source\PSoC4/cyfitter_cfg.c **** *   void
 166:Generated_Source\PSoC4/cyfitter_cfg.c **** *
 167:Generated_Source\PSoC4/cyfitter_cfg.c **** *******************************************************************************/
 168:Generated_Source\PSoC4/cyfitter_cfg.c **** static void ClockSetup(void);
 169:Generated_Source\PSoC4/cyfitter_cfg.c **** CY_CFG_SECTION
 170:Generated_Source\PSoC4/cyfitter_cfg.c **** static void ClockSetup(void)
 171:Generated_Source\PSoC4/cyfitter_cfg.c **** {
 172:Generated_Source\PSoC4/cyfitter_cfg.c **** 
 173:Generated_Source\PSoC4/cyfitter_cfg.c **** 	/* Set Flash Cycles based on max possible frequency in case a glitch occurs during ClockSetup(). *
 174:Generated_Source\PSoC4/cyfitter_cfg.c **** 	CY_SET_REG32((void CYXDATA *)(CYREG_CPUSS_FLASH_CTL), (0x0012u));
 175:Generated_Source\PSoC4/cyfitter_cfg.c **** 
 176:Generated_Source\PSoC4/cyfitter_cfg.c **** 	/* Start the WCO */
 177:Generated_Source\PSoC4/cyfitter_cfg.c **** 	CySysClkWcoStart();
 178:Generated_Source\PSoC4/cyfitter_cfg.c **** 	CyDelayCycles(12000000u); /* WCO may take up to 500ms to start */
 179:Generated_Source\PSoC4/cyfitter_cfg.c **** 	(void)CySysClkWcoSetPowerMode(CY_SYS_CLK_WCO_LPM);    /* Switch to the low power mode */
 180:Generated_Source\PSoC4/cyfitter_cfg.c **** 
 181:Generated_Source\PSoC4/cyfitter_cfg.c **** 	/* Setup and trim IMO based on desired frequency. */
 182:Generated_Source\PSoC4/cyfitter_cfg.c **** 	CySysClkWriteImoFreq(5u);
 183:Generated_Source\PSoC4/cyfitter_cfg.c **** 	/* CYDEV_CLK_ILO_CONFIG Starting address: CYDEV_CLK_ILO_CONFIG */
 184:Generated_Source\PSoC4/cyfitter_cfg.c **** 	CY_SET_REG32((void *)(CYREG_CLK_ILO_CONFIG), 0x80000006u);
 185:Generated_Source\PSoC4/cyfitter_cfg.c **** 
 186:Generated_Source\PSoC4/cyfitter_cfg.c **** 	/* CYDEV_WDT_CONFIG Starting address: CYDEV_WDT_CONFIG */
 187:Generated_Source\PSoC4/cyfitter_cfg.c **** 	CY_SET_REG32((void *)(CYREG_WDT_CONFIG), 0x40000000u);
 188:Generated_Source\PSoC4/cyfitter_cfg.c **** 
 189:Generated_Source\PSoC4/cyfitter_cfg.c **** 
 190:Generated_Source\PSoC4/cyfitter_cfg.c **** 	/* Enable fast start mode for XO */
 191:Generated_Source\PSoC4/cyfitter_cfg.c **** 	CY_SET_REG32((void*)CYREG_BLE_BLERD_BB_XO, CY_GET_REG32((void*)CYREG_BLE_BLERD_BB_XO) | (uint32)0x
 192:Generated_Source\PSoC4/cyfitter_cfg.c **** 	CY_SET_REG32((void *)(CYREG_BLE_BLERD_BB_XO_CAPTRIM), 0x00003E2Du);
 193:Generated_Source\PSoC4/cyfitter_cfg.c **** 	/*Set XTAL(ECO) divider*/
 194:Generated_Source\PSoC4/cyfitter_cfg.c **** 	CY_SET_REG32((void *)(CYREG_BLE_BLESS_XTAL_CLK_DIV_CONFIG), 0x00000000u);
 195:Generated_Source\PSoC4/cyfitter_cfg.c **** 	/* Disable Crystal Stable Interrupt before enabling ECO */
 196:Generated_Source\PSoC4/cyfitter_cfg.c **** 	CY_SET_REG32((void*)CYREG_BLE_BLESS_LL_DSM_CTRL, CY_GET_REG32((void*)CYREG_BLE_BLESS_LL_DSM_CTRL) 
 197:Generated_Source\PSoC4/cyfitter_cfg.c **** 	/* Start the ECO and do not check status since it is not needed for HFCLK */
 198:Generated_Source\PSoC4/cyfitter_cfg.c **** 	(void)CySysClkEcoStart(2000u);
 199:Generated_Source\PSoC4/cyfitter_cfg.c **** 	CyDelayUs(1500u); /* Wait to stabilize */
 200:Generated_Source\PSoC4/cyfitter_cfg.c **** 
 201:Generated_Source\PSoC4/cyfitter_cfg.c **** 	/* Setup phase aligned clocks */
 202:Generated_Source\PSoC4/cyfitter_cfg.c **** 	CY_SET_REG32((void *)CYREG_PERI_DIV_16_CTL0, 0x00002A00u);
ARM GAS  C:\tmp\cc2mYzJb.s 			page 5


 203:Generated_Source\PSoC4/cyfitter_cfg.c **** 	CY_SET_REG32((void *)CYREG_PERI_DIV_CMD, 0x8000FF40u);
 204:Generated_Source\PSoC4/cyfitter_cfg.c **** 
 205:Generated_Source\PSoC4/cyfitter_cfg.c **** 	/* CYDEV_CLK_IMO_CONFIG Starting address: CYDEV_CLK_IMO_CONFIG */
 206:Generated_Source\PSoC4/cyfitter_cfg.c **** 	CY_SET_REG32((void *)(CYREG_CLK_IMO_CONFIG), 0x80000000u);
 207:Generated_Source\PSoC4/cyfitter_cfg.c **** 
 208:Generated_Source\PSoC4/cyfitter_cfg.c **** 	/* CYDEV_CLK_SELECT Starting address: CYDEV_CLK_SELECT */
 209:Generated_Source\PSoC4/cyfitter_cfg.c **** 	CY_SET_REG32((void *)(CYREG_CLK_SELECT), 0x00000000u);
 210:Generated_Source\PSoC4/cyfitter_cfg.c **** 
 211:Generated_Source\PSoC4/cyfitter_cfg.c **** 	/* CYDEV_PERI_PCLK_CTL1 Starting address: CYDEV_PERI_PCLK_CTL1 */
 212:Generated_Source\PSoC4/cyfitter_cfg.c **** 	CY_SET_REG32((void *)(CYREG_PERI_PCLK_CTL1), 0x00000040u);
 213:Generated_Source\PSoC4/cyfitter_cfg.c **** 
 214:Generated_Source\PSoC4/cyfitter_cfg.c **** 	(void)CyIntSetVector(8u, &CySysWdtIsr);
 215:Generated_Source\PSoC4/cyfitter_cfg.c **** 	CyIntEnable(8u);
 216:Generated_Source\PSoC4/cyfitter_cfg.c **** 	CY_SET_REG32((void *)(CYREG_WDT_CONFIG), 0x40000000u);
 217:Generated_Source\PSoC4/cyfitter_cfg.c **** 	/* Set Flash Cycles based on newly configured 5.00MHz HFCLK. */
 218:Generated_Source\PSoC4/cyfitter_cfg.c **** 	CY_SET_REG32((void CYXDATA *)(CYREG_CPUSS_FLASH_CTL), (0x0000u));
 219:Generated_Source\PSoC4/cyfitter_cfg.c **** }
 220:Generated_Source\PSoC4/cyfitter_cfg.c **** 
 221:Generated_Source\PSoC4/cyfitter_cfg.c **** 
 222:Generated_Source\PSoC4/cyfitter_cfg.c **** /* Analog API Functions */
 223:Generated_Source\PSoC4/cyfitter_cfg.c **** 
 224:Generated_Source\PSoC4/cyfitter_cfg.c **** 
 225:Generated_Source\PSoC4/cyfitter_cfg.c **** /*******************************************************************************
 226:Generated_Source\PSoC4/cyfitter_cfg.c **** * Function Name: AnalogSetDefault
 227:Generated_Source\PSoC4/cyfitter_cfg.c **** ********************************************************************************
 228:Generated_Source\PSoC4/cyfitter_cfg.c **** *
 229:Generated_Source\PSoC4/cyfitter_cfg.c **** * Summary:
 230:Generated_Source\PSoC4/cyfitter_cfg.c **** *  Sets up the analog portions of the chip to default values based on chip
 231:Generated_Source\PSoC4/cyfitter_cfg.c **** *  configuration options from the project.
 232:Generated_Source\PSoC4/cyfitter_cfg.c **** *
 233:Generated_Source\PSoC4/cyfitter_cfg.c **** * Parameters:
 234:Generated_Source\PSoC4/cyfitter_cfg.c **** *  void
 235:Generated_Source\PSoC4/cyfitter_cfg.c **** *
 236:Generated_Source\PSoC4/cyfitter_cfg.c **** * Return:
 237:Generated_Source\PSoC4/cyfitter_cfg.c **** *  void
 238:Generated_Source\PSoC4/cyfitter_cfg.c **** *
 239:Generated_Source\PSoC4/cyfitter_cfg.c **** *******************************************************************************/
 240:Generated_Source\PSoC4/cyfitter_cfg.c **** static void AnalogSetDefault(void);
 241:Generated_Source\PSoC4/cyfitter_cfg.c **** static void AnalogSetDefault(void)
 242:Generated_Source\PSoC4/cyfitter_cfg.c **** {
  27              		.loc 1 242 0
  28              		.cfi_startproc
  29              		@ args = 0, pretend = 0, frame = 0
  30              		@ frame_needed = 0, uses_anonymous_args = 0
  31              		@ link register save eliminated.
 243:Generated_Source\PSoC4/cyfitter_cfg.c **** 	CY_SET_XTND_REG32((void CYFAR *)CYREG_CTBM0_DFT_CTRL, 0x00000003u);
  32              		.loc 1 243 0
  33 0000 0323     		movs	r3, #3
  34 0002 044A     		ldr	r2, .L2
  35 0004 1360     		str	r3, [r2]
 244:Generated_Source\PSoC4/cyfitter_cfg.c **** 	CY_SET_XTND_REG32((void CYFAR *)CYREG_CTBM1_DFT_CTRL, 0x00000003u);
  36              		.loc 1 244 0
  37 0006 044A     		ldr	r2, .L2+4
  38 0008 1360     		str	r3, [r2]
 245:Generated_Source\PSoC4/cyfitter_cfg.c **** 	CY_SET_XTND_REG32((void CYFAR *)CYREG_PASS_DSAB_DSAB_CTRL, 0x00000000u);
  39              		.loc 1 245 0
  40 000a 0022     		movs	r2, #0
ARM GAS  C:\tmp\cc2mYzJb.s 			page 6


  41 000c 034B     		ldr	r3, .L2+8
  42 000e 1A60     		str	r2, [r3]
 246:Generated_Source\PSoC4/cyfitter_cfg.c **** }
  43              		.loc 1 246 0
  44              		@ sp needed
  45 0010 7047     		bx	lr
  46              	.L3:
  47 0012 C046     		.align	2
  48              	.L2:
  49 0014 30003040 		.word	1076887600
  50 0018 30003140 		.word	1076953136
  51 001c 000E3F40 		.word	1077874176
  52              		.cfi_endproc
  53              	.LFE6:
  54              		.size	AnalogSetDefault, .-AnalogSetDefault
  55              		.section	.text.CYMEMZERO,"ax",%progbits
  56              		.align	2
  57              		.code	16
  58              		.thumb_func
  59              		.type	CYMEMZERO, %function
  60              	CYMEMZERO:
  61              	.LFB2:
  77:Generated_Source\PSoC4/cyfitter_cfg.c **** 	(void)memset(s, 0, n);
  62              		.loc 1 77 0
  63              		.cfi_startproc
  64              		@ args = 0, pretend = 0, frame = 0
  65              		@ frame_needed = 0, uses_anonymous_args = 0
  66              	.LVL0:
  67 0000 10B5     		push	{r4, lr}
  68              		.cfi_def_cfa_offset 8
  69              		.cfi_offset 4, -8
  70              		.cfi_offset 14, -4
  71 0002 0A00     		movs	r2, r1
  78:Generated_Source\PSoC4/cyfitter_cfg.c **** }
  72              		.loc 1 78 0
  73 0004 0021     		movs	r1, #0
  74              	.LVL1:
  75 0006 FFF7FEFF 		bl	memset
  76              	.LVL2:
  79:Generated_Source\PSoC4/cyfitter_cfg.c **** CY_CFG_UNUSED
  77              		.loc 1 79 0
  78              		@ sp needed
  79 000a 10BD     		pop	{r4, pc}
  80              		.cfi_endproc
  81              	.LFE2:
  82              		.size	CYMEMZERO, .-CYMEMZERO
  83              		.section	.psocinit,"ax",%progbits
  84              		.align	2
  85              		.code	16
  86              		.thumb_func
  87              		.type	ClockSetup, %function
  88              	ClockSetup:
  89              	.LFB5:
 171:Generated_Source\PSoC4/cyfitter_cfg.c **** 
  90              		.loc 1 171 0
  91              		.cfi_startproc
  92              		@ args = 0, pretend = 0, frame = 0
ARM GAS  C:\tmp\cc2mYzJb.s 			page 7


  93              		@ frame_needed = 0, uses_anonymous_args = 0
  94 0000 F8B5     		push	{r3, r4, r5, r6, r7, lr}
  95              		.cfi_def_cfa_offset 24
  96              		.cfi_offset 3, -24
  97              		.cfi_offset 4, -20
  98              		.cfi_offset 5, -16
  99              		.cfi_offset 6, -12
 100              		.cfi_offset 7, -8
 101              		.cfi_offset 14, -4
 174:Generated_Source\PSoC4/cyfitter_cfg.c **** 
 102              		.loc 1 174 0
 103 0002 234D     		ldr	r5, .L6
 104 0004 1223     		movs	r3, #18
 105 0006 2B60     		str	r3, [r5]
 177:Generated_Source\PSoC4/cyfitter_cfg.c **** 	CyDelayCycles(12000000u); /* WCO may take up to 500ms to start */
 106              		.loc 1 177 0
 107 0008 FFF7FEFF 		bl	CySysClkWcoStart
 108              	.LVL3:
 178:Generated_Source\PSoC4/cyfitter_cfg.c **** 	(void)CySysClkWcoSetPowerMode(CY_SYS_CLK_WCO_LPM);    /* Switch to the low power mode */
 109              		.loc 1 178 0
 110 000c 2148     		ldr	r0, .L6+4
 111 000e FFF7FEFF 		bl	CyDelayCycles
 112              	.LVL4:
 179:Generated_Source\PSoC4/cyfitter_cfg.c **** 
 113              		.loc 1 179 0
 114 0012 0120     		movs	r0, #1
 115 0014 FFF7FEFF 		bl	CySysClkWcoSetPowerMode
 116              	.LVL5:
 182:Generated_Source\PSoC4/cyfitter_cfg.c **** 	/* CYDEV_CLK_ILO_CONFIG Starting address: CYDEV_CLK_ILO_CONFIG */
 117              		.loc 1 182 0
 118 0018 0520     		movs	r0, #5
 119 001a FFF7FEFF 		bl	CySysClkWriteImoFreq
 120              	.LVL6:
 184:Generated_Source\PSoC4/cyfitter_cfg.c **** 
 121              		.loc 1 184 0
 122 001e 1E4A     		ldr	r2, .L6+8
 123 0020 1E4B     		ldr	r3, .L6+12
 124 0022 1A60     		str	r2, [r3]
 187:Generated_Source\PSoC4/cyfitter_cfg.c **** 
 125              		.loc 1 187 0
 126 0024 1E4E     		ldr	r6, .L6+16
 127 0026 8027     		movs	r7, #128
 128 0028 FF05     		lsls	r7, r7, #23
 129 002a 3760     		str	r7, [r6]
 191:Generated_Source\PSoC4/cyfitter_cfg.c **** 	CY_SET_REG32((void *)(CYREG_BLE_BLERD_BB_XO_CAPTRIM), 0x00003E2Du);
 130              		.loc 1 191 0
 131 002c 1D4A     		ldr	r2, .L6+20
 132 002e 1168     		ldr	r1, [r2]
 133 0030 0223     		movs	r3, #2
 134 0032 0B43     		orrs	r3, r1
 135 0034 1360     		str	r3, [r2]
 192:Generated_Source\PSoC4/cyfitter_cfg.c **** 	/*Set XTAL(ECO) divider*/
 136              		.loc 1 192 0
 137 0036 1C4A     		ldr	r2, .L6+24
 138 0038 1C4B     		ldr	r3, .L6+28
 139 003a 1A60     		str	r2, [r3]
 194:Generated_Source\PSoC4/cyfitter_cfg.c **** 	/* Disable Crystal Stable Interrupt before enabling ECO */
ARM GAS  C:\tmp\cc2mYzJb.s 			page 8


 140              		.loc 1 194 0
 141 003c 0024     		movs	r4, #0
 142 003e 1C4B     		ldr	r3, .L6+32
 143 0040 1C60     		str	r4, [r3]
 196:Generated_Source\PSoC4/cyfitter_cfg.c **** 	/* Start the ECO and do not check status since it is not needed for HFCLK */
 144              		.loc 1 196 0
 145 0042 1C4A     		ldr	r2, .L6+36
 146 0044 1368     		ldr	r3, [r2]
 147 0046 0821     		movs	r1, #8
 148 0048 8B43     		bics	r3, r1
 149 004a 1360     		str	r3, [r2]
 198:Generated_Source\PSoC4/cyfitter_cfg.c **** 	CyDelayUs(1500u); /* Wait to stabilize */
 150              		.loc 1 198 0
 151 004c FA20     		movs	r0, #250
 152 004e C000     		lsls	r0, r0, #3
 153 0050 FFF7FEFF 		bl	CySysClkEcoStart
 154              	.LVL7:
 199:Generated_Source\PSoC4/cyfitter_cfg.c **** 
 155              		.loc 1 199 0
 156 0054 1848     		ldr	r0, .L6+40
 157 0056 FFF7FEFF 		bl	CyDelayUs
 158              	.LVL8:
 202:Generated_Source\PSoC4/cyfitter_cfg.c **** 	CY_SET_REG32((void *)CYREG_PERI_DIV_CMD, 0x8000FF40u);
 159              		.loc 1 202 0
 160 005a A822     		movs	r2, #168
 161 005c 9201     		lsls	r2, r2, #6
 162 005e 174B     		ldr	r3, .L6+44
 163 0060 1A60     		str	r2, [r3]
 203:Generated_Source\PSoC4/cyfitter_cfg.c **** 
 164              		.loc 1 203 0
 165 0062 174A     		ldr	r2, .L6+48
 166 0064 174B     		ldr	r3, .L6+52
 167 0066 1A60     		str	r2, [r3]
 206:Generated_Source\PSoC4/cyfitter_cfg.c **** 
 168              		.loc 1 206 0
 169 0068 8022     		movs	r2, #128
 170 006a 1206     		lsls	r2, r2, #24
 171 006c 164B     		ldr	r3, .L6+56
 172 006e 1A60     		str	r2, [r3]
 209:Generated_Source\PSoC4/cyfitter_cfg.c **** 
 173              		.loc 1 209 0
 174 0070 164B     		ldr	r3, .L6+60
 175 0072 1C60     		str	r4, [r3]
 212:Generated_Source\PSoC4/cyfitter_cfg.c **** 
 176              		.loc 1 212 0
 177 0074 4022     		movs	r2, #64
 178 0076 164B     		ldr	r3, .L6+64
 179 0078 1A60     		str	r2, [r3]
 214:Generated_Source\PSoC4/cyfitter_cfg.c **** 	CyIntEnable(8u);
 180              		.loc 1 214 0
 181 007a 1649     		ldr	r1, .L6+68
 182 007c 0820     		movs	r0, #8
 183 007e FFF7FEFF 		bl	CyIntSetVector
 184              	.LVL9:
 215:Generated_Source\PSoC4/cyfitter_cfg.c **** 	CY_SET_REG32((void *)(CYREG_WDT_CONFIG), 0x40000000u);
 185              		.loc 1 215 0
 186 0082 0820     		movs	r0, #8
ARM GAS  C:\tmp\cc2mYzJb.s 			page 9


 187 0084 FFF7FEFF 		bl	CyIntEnable
 188              	.LVL10:
 216:Generated_Source\PSoC4/cyfitter_cfg.c **** 	/* Set Flash Cycles based on newly configured 5.00MHz HFCLK. */
 189              		.loc 1 216 0
 190 0088 3760     		str	r7, [r6]
 218:Generated_Source\PSoC4/cyfitter_cfg.c **** }
 191              		.loc 1 218 0
 192 008a 2C60     		str	r4, [r5]
 219:Generated_Source\PSoC4/cyfitter_cfg.c **** 
 193              		.loc 1 219 0
 194              		@ sp needed
 195 008c F8BD     		pop	{r3, r4, r5, r6, r7, pc}
 196              	.L7:
 197 008e C046     		.align	2
 198              	.L6:
 199 0090 30001040 		.word	1074790448
 200 0094 001BB700 		.word	12000000
 201 0098 06000080 		.word	-2147483642
 202 009c 04010B40 		.word	1074462980
 203 00a0 0C020B40 		.word	1074463244
 204 00a4 78002E40 		.word	1076756600
 205 00a8 2D3E0000 		.word	15917
 206 00ac 7C002E40 		.word	1076756604
 207 00b0 64F02E40 		.word	1076818020
 208 00b4 6CF02E40 		.word	1076818028
 209 00b8 DC050000 		.word	1500
 210 00bc 00030140 		.word	1073808128
 211 00c0 40FF0080 		.word	-2147418304
 212 00c4 00000140 		.word	1073807360
 213 00c8 08010B40 		.word	1074462984
 214 00cc 00010B40 		.word	1074462976
 215 00d0 04010140 		.word	1073807620
 216 00d4 00000000 		.word	CySysWdtIsr
 217              		.cfi_endproc
 218              	.LFE5:
 219              		.size	ClockSetup, .-ClockSetup
 220              		.align	2
 221              		.global	cyfitter_cfg
 222              		.code	16
 223              		.thumb_func
 224              		.type	cyfitter_cfg, %function
 225              	cyfitter_cfg:
 226              	.LFB7:
 247:Generated_Source\PSoC4/cyfitter_cfg.c **** 
 248:Generated_Source\PSoC4/cyfitter_cfg.c **** 
 249:Generated_Source\PSoC4/cyfitter_cfg.c **** 
 250:Generated_Source\PSoC4/cyfitter_cfg.c **** 
 251:Generated_Source\PSoC4/cyfitter_cfg.c **** /*******************************************************************************
 252:Generated_Source\PSoC4/cyfitter_cfg.c **** * Function Name: cyfitter_cfg
 253:Generated_Source\PSoC4/cyfitter_cfg.c **** ********************************************************************************
 254:Generated_Source\PSoC4/cyfitter_cfg.c **** * Summary:
 255:Generated_Source\PSoC4/cyfitter_cfg.c **** *  This function is called by the start-up code for the selected device. It
 256:Generated_Source\PSoC4/cyfitter_cfg.c **** *  performs all of the necessary device configuration based on the design
 257:Generated_Source\PSoC4/cyfitter_cfg.c **** *  settings.  This includes settings from the Design Wide Resources (DWR) such
 258:Generated_Source\PSoC4/cyfitter_cfg.c **** *  as Clocks and Pins as well as any component configuration that is necessary.
 259:Generated_Source\PSoC4/cyfitter_cfg.c **** *
 260:Generated_Source\PSoC4/cyfitter_cfg.c **** * Parameters:
ARM GAS  C:\tmp\cc2mYzJb.s 			page 10


 261:Generated_Source\PSoC4/cyfitter_cfg.c **** *   void
 262:Generated_Source\PSoC4/cyfitter_cfg.c **** *
 263:Generated_Source\PSoC4/cyfitter_cfg.c **** * Return:
 264:Generated_Source\PSoC4/cyfitter_cfg.c **** *   void
 265:Generated_Source\PSoC4/cyfitter_cfg.c **** *
 266:Generated_Source\PSoC4/cyfitter_cfg.c **** *******************************************************************************/
 267:Generated_Source\PSoC4/cyfitter_cfg.c **** CY_CFG_SECTION
 268:Generated_Source\PSoC4/cyfitter_cfg.c **** void cyfitter_cfg(void)
 269:Generated_Source\PSoC4/cyfitter_cfg.c **** {
 227              		.loc 1 269 0
 228              		.cfi_startproc
 229              		@ args = 0, pretend = 0, frame = 0
 230              		@ frame_needed = 0, uses_anonymous_args = 0
 231 00d8 10B5     		push	{r4, lr}
 232              		.cfi_def_cfa_offset 8
 233              		.cfi_offset 4, -8
 234              		.cfi_offset 14, -4
 270:Generated_Source\PSoC4/cyfitter_cfg.c **** 	/* Disable interrupts by default. Let user enable if/when they want. */
 271:Generated_Source\PSoC4/cyfitter_cfg.c **** 	CyGlobalIntDisable;
 235              		.loc 1 271 0
 236              		.syntax divided
 237              	@ 271 "Generated_Source\PSoC4\cyfitter_cfg.c" 1
 238 00da 72B6     		CPSID   i
 239              	@ 0 "" 2
 272:Generated_Source\PSoC4/cyfitter_cfg.c **** 
 273:Generated_Source\PSoC4/cyfitter_cfg.c **** 	CY_SET_REG32((void *)(CYREG_BLE_BLESS_LL_DSM_CTRL), 0x00000000u);
 240              		.loc 1 273 0
 241              		.thumb
 242              		.syntax unified
 243 00dc 0022     		movs	r2, #0
 244 00de 224B     		ldr	r3, .L11
 245 00e0 1A60     		str	r2, [r3]
 246              	.LVL11:
 247              	.LBB2:
 274:Generated_Source\PSoC4/cyfitter_cfg.c **** 
 275:Generated_Source\PSoC4/cyfitter_cfg.c **** 	{
 276:Generated_Source\PSoC4/cyfitter_cfg.c **** 
 277:Generated_Source\PSoC4/cyfitter_cfg.c **** 		CYPACKED typedef struct {
 278:Generated_Source\PSoC4/cyfitter_cfg.c **** 			void CYFAR *address;
 279:Generated_Source\PSoC4/cyfitter_cfg.c **** 			uint16 size;
 280:Generated_Source\PSoC4/cyfitter_cfg.c **** 		} CYPACKED_ATTR cfg_memset_t;
 281:Generated_Source\PSoC4/cyfitter_cfg.c **** 
 282:Generated_Source\PSoC4/cyfitter_cfg.c **** 		static const cfg_memset_t CYCODE cfg_memset_list[] = {
 283:Generated_Source\PSoC4/cyfitter_cfg.c **** 			/* address, size */
 284:Generated_Source\PSoC4/cyfitter_cfg.c **** 			{(void CYFAR *)(CYDEV_UDB_P0_U0_BASE), 1024u},
 285:Generated_Source\PSoC4/cyfitter_cfg.c **** 			{(void CYFAR *)(CYDEV_UDB_DSI0_BASE), 1024u},
 286:Generated_Source\PSoC4/cyfitter_cfg.c **** 		};
 287:Generated_Source\PSoC4/cyfitter_cfg.c **** 
 288:Generated_Source\PSoC4/cyfitter_cfg.c **** 		uint8 CYDATA i;
 289:Generated_Source\PSoC4/cyfitter_cfg.c **** 
 290:Generated_Source\PSoC4/cyfitter_cfg.c **** 		/* Zero out critical memory blocks before beginning configuration */
 291:Generated_Source\PSoC4/cyfitter_cfg.c **** 		for (i = 0u; i < (sizeof(cfg_memset_list)/sizeof(cfg_memset_list[0])); i++)
 248              		.loc 1 291 0
 249 00e2 0024     		movs	r4, #0
 250 00e4 0FE0     		b	.L9
 251              	.LVL12:
 252              	.L10:
ARM GAS  C:\tmp\cc2mYzJb.s 			page 11


 253              	.LBB3:
 292:Generated_Source\PSoC4/cyfitter_cfg.c **** 		{
 293:Generated_Source\PSoC4/cyfitter_cfg.c **** 			const cfg_memset_t CYCODE * CYDATA ms = &cfg_memset_list[i];
 294:Generated_Source\PSoC4/cyfitter_cfg.c **** 			CYMEMZERO(ms->address, (size_t)(uint32)(ms->size));
 254              		.loc 1 294 0 discriminator 3
 255 00e6 2148     		ldr	r0, .L11+4
 256 00e8 6200     		lsls	r2, r4, #1
 257 00ea 1319     		adds	r3, r2, r4
 258 00ec 5900     		lsls	r1, r3, #1
 259 00ee 0B00     		movs	r3, r1
 260 00f0 4118     		adds	r1, r0, r1
 261 00f2 8988     		ldrh	r1, [r1, #4]
 262 00f4 1A5A     		ldrh	r2, [r3, r0]
 263 00f6 C318     		adds	r3, r0, r3
 264 00f8 5888     		ldrh	r0, [r3, #2]
 265 00fa 0004     		lsls	r0, r0, #16
 266 00fc 1043     		orrs	r0, r2
 267 00fe FFF7FEFF 		bl	CYMEMZERO
 268              	.LVL13:
 269              	.LBE3:
 291:Generated_Source\PSoC4/cyfitter_cfg.c **** 		{
 270              		.loc 1 291 0 discriminator 3
 271 0102 0134     		adds	r4, r4, #1
 272              	.LVL14:
 273 0104 E4B2     		uxtb	r4, r4
 274              	.LVL15:
 275              	.L9:
 291:Generated_Source\PSoC4/cyfitter_cfg.c **** 		{
 276              		.loc 1 291 0 is_stmt 0 discriminator 1
 277 0106 012C     		cmp	r4, #1
 278 0108 EDD9     		bls	.L10
 295:Generated_Source\PSoC4/cyfitter_cfg.c **** 		}
 296:Generated_Source\PSoC4/cyfitter_cfg.c **** 
 297:Generated_Source\PSoC4/cyfitter_cfg.c **** 		/* HSIOM Starting address: CYDEV_HSIOM_BASE */
 298:Generated_Source\PSoC4/cyfitter_cfg.c **** 		CY_SET_REG32((void *)(CYDEV_HSIOM_BASE), 0xEE000000u);
 279              		.loc 1 298 0 is_stmt 1
 280 010a EE22     		movs	r2, #238
 281 010c 1206     		lsls	r2, r2, #24
 282 010e 184B     		ldr	r3, .L11+8
 283 0110 1A60     		str	r2, [r3]
 299:Generated_Source\PSoC4/cyfitter_cfg.c **** 		CY_SET_REG32((void *)(CYREG_HSIOM_PORT_SEL1), 0x00990000u);
 284              		.loc 1 299 0
 285 0112 9923     		movs	r3, #153
 286 0114 1B04     		lsls	r3, r3, #16
 287 0116 174A     		ldr	r2, .L11+12
 288 0118 1360     		str	r3, [r2]
 300:Generated_Source\PSoC4/cyfitter_cfg.c **** 
 301:Generated_Source\PSoC4/cyfitter_cfg.c **** 		/* UDB_PA_0 Starting address: CYDEV_UDB_PA0_BASE */
 302:Generated_Source\PSoC4/cyfitter_cfg.c **** 		CY_SET_REG32((void *)(CYDEV_UDB_PA0_BASE), 0x00990000u);
 289              		.loc 1 302 0
 290 011a 174A     		ldr	r2, .L11+16
 291 011c 1360     		str	r3, [r2]
 303:Generated_Source\PSoC4/cyfitter_cfg.c **** 
 304:Generated_Source\PSoC4/cyfitter_cfg.c **** 		/* UDB_PA_1 Starting address: CYDEV_UDB_PA1_BASE */
 305:Generated_Source\PSoC4/cyfitter_cfg.c **** 		CY_SET_REG32((void *)(CYDEV_UDB_PA1_BASE), 0x00990000u);
 292              		.loc 1 305 0
 293 011e 174A     		ldr	r2, .L11+20
ARM GAS  C:\tmp\cc2mYzJb.s 			page 12


 294 0120 1360     		str	r3, [r2]
 306:Generated_Source\PSoC4/cyfitter_cfg.c **** 
 307:Generated_Source\PSoC4/cyfitter_cfg.c **** 		/* UDB_PA_2 Starting address: CYDEV_UDB_PA2_BASE */
 308:Generated_Source\PSoC4/cyfitter_cfg.c **** 		CY_SET_REG32((void *)(CYDEV_UDB_PA2_BASE), 0x00990000u);
 295              		.loc 1 308 0
 296 0122 174A     		ldr	r2, .L11+24
 297 0124 1360     		str	r3, [r2]
 309:Generated_Source\PSoC4/cyfitter_cfg.c **** 
 310:Generated_Source\PSoC4/cyfitter_cfg.c **** 		/* UDB_PA_3 Starting address: CYDEV_UDB_PA3_BASE */
 311:Generated_Source\PSoC4/cyfitter_cfg.c **** 		CY_SET_REG32((void *)(CYDEV_UDB_PA3_BASE), 0x00990000u);
 298              		.loc 1 311 0
 299 0126 174A     		ldr	r2, .L11+28
 300 0128 1360     		str	r3, [r2]
 312:Generated_Source\PSoC4/cyfitter_cfg.c **** 
 313:Generated_Source\PSoC4/cyfitter_cfg.c **** 		/* Enable digital routing */
 314:Generated_Source\PSoC4/cyfitter_cfg.c **** 		CY_SET_XTND_REG8((void *)CYREG_UDB_UDBIF_BANK_CTL, (uint8)(CY_GET_XTND_REG8((void *)CYREG_UDB_UDB
 301              		.loc 1 314 0
 302 012a 174A     		ldr	r2, .L11+32
 303 012c 1178     		ldrb	r1, [r2]
 304 012e 0623     		movs	r3, #6
 305 0130 0B43     		orrs	r3, r1
 306 0132 DBB2     		uxtb	r3, r3
 307 0134 1370     		strb	r3, [r2]
 308              	.LBE2:
 315:Generated_Source\PSoC4/cyfitter_cfg.c **** 	}
 316:Generated_Source\PSoC4/cyfitter_cfg.c **** 
 317:Generated_Source\PSoC4/cyfitter_cfg.c **** 	/* Perform second pass device configuration. These items must be configured in specific order afte
 318:Generated_Source\PSoC4/cyfitter_cfg.c **** 	/* IOPINS0_0 Starting address: CYDEV_GPIO_PRT0_BASE */
 319:Generated_Source\PSoC4/cyfitter_cfg.c **** 	CY_SET_REG32((void *)(CYREG_GPIO_PRT0_PC), 0x00D80000u);
 309              		.loc 1 319 0
 310 0136 D822     		movs	r2, #216
 311 0138 1204     		lsls	r2, r2, #16
 312 013a 144B     		ldr	r3, .L11+36
 313 013c 1A60     		str	r2, [r3]
 320:Generated_Source\PSoC4/cyfitter_cfg.c **** 
 321:Generated_Source\PSoC4/cyfitter_cfg.c **** 	/* IOPINS0_1 Starting address: CYDEV_GPIO_PRT1_BASE */
 322:Generated_Source\PSoC4/cyfitter_cfg.c **** 	CY_SET_REG32((void *)(CYDEV_GPIO_PRT1_BASE), 0x00000022u);
 314              		.loc 1 322 0
 315 013e 2222     		movs	r2, #34
 316 0140 134B     		ldr	r3, .L11+40
 317 0142 1A60     		str	r2, [r3]
 323:Generated_Source\PSoC4/cyfitter_cfg.c **** 	CY_SET_REG32((void *)(CYREG_GPIO_PRT1_PC), 0x00DB13B6u);
 318              		.loc 1 323 0
 319 0144 134A     		ldr	r2, .L11+44
 320 0146 144B     		ldr	r3, .L11+48
 321 0148 1A60     		str	r2, [r3]
 324:Generated_Source\PSoC4/cyfitter_cfg.c **** 	CY_SET_REG32((void *)(CYREG_GPIO_PRT1_PC2), 0x00000020u);
 322              		.loc 1 324 0
 323 014a 2022     		movs	r2, #32
 324 014c 134B     		ldr	r3, .L11+52
 325 014e 1A60     		str	r2, [r3]
 325:Generated_Source\PSoC4/cyfitter_cfg.c **** 
 326:Generated_Source\PSoC4/cyfitter_cfg.c **** 	/* IOPINS0_2 Starting address: CYDEV_GPIO_PRT2_BASE */
 327:Generated_Source\PSoC4/cyfitter_cfg.c **** 	CY_SET_REG32((void *)(CYREG_GPIO_PRT2_PC), 0x00189249u);
 326              		.loc 1 327 0
 327 0150 134A     		ldr	r2, .L11+56
 328 0152 144B     		ldr	r3, .L11+60
ARM GAS  C:\tmp\cc2mYzJb.s 			page 13


 329 0154 1A60     		str	r2, [r3]
 328:Generated_Source\PSoC4/cyfitter_cfg.c **** 
 329:Generated_Source\PSoC4/cyfitter_cfg.c **** 	/* IOPINS0_3 Starting address: CYDEV_GPIO_PRT3_BASE */
 330:Generated_Source\PSoC4/cyfitter_cfg.c **** 	CY_SET_REG32((void *)(CYREG_GPIO_PRT3_PC), 0x00180001u);
 330              		.loc 1 330 0
 331 0156 144A     		ldr	r2, .L11+64
 332 0158 144B     		ldr	r3, .L11+68
 333 015a 1A60     		str	r2, [r3]
 331:Generated_Source\PSoC4/cyfitter_cfg.c **** 
 332:Generated_Source\PSoC4/cyfitter_cfg.c **** 
 333:Generated_Source\PSoC4/cyfitter_cfg.c **** 	/* Setup clocks based on selections from Clock DWR */
 334:Generated_Source\PSoC4/cyfitter_cfg.c **** 	ClockSetup();
 334              		.loc 1 334 0
 335 015c FFF750FF 		bl	ClockSetup
 336              	.LVL16:
 335:Generated_Source\PSoC4/cyfitter_cfg.c **** 
 336:Generated_Source\PSoC4/cyfitter_cfg.c **** 	/* Perform basic analog initialization to defaults */
 337:Generated_Source\PSoC4/cyfitter_cfg.c **** 	AnalogSetDefault();
 337              		.loc 1 337 0
 338 0160 FFF7FEFF 		bl	AnalogSetDefault
 339              	.LVL17:
 338:Generated_Source\PSoC4/cyfitter_cfg.c **** 
 339:Generated_Source\PSoC4/cyfitter_cfg.c **** }
 340              		.loc 1 339 0
 341              		@ sp needed
 342              	.LVL18:
 343 0164 10BD     		pop	{r4, pc}
 344              	.L12:
 345 0166 C046     		.align	2
 346              	.L11:
 347 0168 6CF02E40 		.word	1076818028
 348 016c 00000000 		.word	.LANCHOR0
 349 0170 00000240 		.word	1073872896
 350 0174 00010240 		.word	1073873152
 351 0178 00500F40 		.word	1074745344
 352 017c 10500F40 		.word	1074745360
 353 0180 20500F40 		.word	1074745376
 354 0184 30500F40 		.word	1074745392
 355 0188 00700F40 		.word	1074753536
 356 018c 08000440 		.word	1074003976
 357 0190 00010440 		.word	1074004224
 358 0194 B613DB00 		.word	14357430
 359 0198 08010440 		.word	1074004232
 360 019c 18010440 		.word	1074004248
 361 01a0 49921800 		.word	1610313
 362 01a4 08020440 		.word	1074004488
 363 01a8 01001800 		.word	1572865
 364 01ac 08030440 		.word	1074004744
 365              		.cfi_endproc
 366              	.LFE7:
 367              		.size	cyfitter_cfg, .-cyfitter_cfg
 368              		.section	.rodata
 369              		.align	2
 370              		.set	.LANCHOR0,. + 0
 371              		.type	cfg_memset_list.4893, %object
 372              		.size	cfg_memset_list.4893, 12
 373              	cfg_memset_list.4893:
ARM GAS  C:\tmp\cc2mYzJb.s 			page 14


 374 0000 00300F40 		.word	1074737152
 375 0004 0004     		.short	1024
 376 0006 00400F40 		.4byte	1074741248
 377 000a 0004     		.short	1024
 378              		.text
 379              	.Letext0:
 380              		.file 2 "c:\\program files (x86)\\cypress\\psoc creator\\4.4\\psoc creator\\import\\gnu\\arm\\5.4.
 381              		.file 3 "Generated_Source\\PSoC4\\cytypes.h"
 382              		.file 4 "Generated_Source\\PSoC4\\CyLFClk.h"
 383              		.file 5 "Generated_Source\\PSoC4\\CyLib.h"
 384              		.section	.debug_info,"",%progbits
 385              	.Ldebug_info0:
 386 0000 28030000 		.4byte	0x328
 387 0004 0400     		.2byte	0x4
 388 0006 00000000 		.4byte	.Ldebug_abbrev0
 389 000a 04       		.byte	0x4
 390 000b 01       		.uleb128 0x1
 391 000c 51010000 		.4byte	.LASF34
 392 0010 0C       		.byte	0xc
 393 0011 63020000 		.4byte	.LASF35
 394 0015 FA000000 		.4byte	.LASF36
 395 0019 00000000 		.4byte	.Ldebug_ranges0+0
 396 001d 00000000 		.4byte	0
 397 0021 00000000 		.4byte	.Ldebug_line0
 398 0025 02       		.uleb128 0x2
 399 0026 04       		.byte	0x4
 400 0027 05       		.byte	0x5
 401 0028 696E7400 		.ascii	"int\000"
 402 002c 03       		.uleb128 0x3
 403 002d 14000000 		.4byte	.LASF12
 404 0031 02       		.byte	0x2
 405 0032 D8       		.byte	0xd8
 406 0033 37000000 		.4byte	0x37
 407 0037 04       		.uleb128 0x4
 408 0038 04       		.byte	0x4
 409 0039 07       		.byte	0x7
 410 003a 18010000 		.4byte	.LASF0
 411 003e 04       		.uleb128 0x4
 412 003f 08       		.byte	0x8
 413 0040 05       		.byte	0x5
 414 0041 F5010000 		.4byte	.LASF1
 415 0045 04       		.uleb128 0x4
 416 0046 08       		.byte	0x8
 417 0047 04       		.byte	0x4
 418 0048 4B020000 		.4byte	.LASF2
 419 004c 04       		.uleb128 0x4
 420 004d 01       		.byte	0x1
 421 004e 06       		.byte	0x6
 422 004f 57020000 		.4byte	.LASF3
 423 0053 04       		.uleb128 0x4
 424 0054 01       		.byte	0x1
 425 0055 08       		.byte	0x8
 426 0056 C4000000 		.4byte	.LASF4
 427 005a 04       		.uleb128 0x4
 428 005b 02       		.byte	0x2
 429 005c 05       		.byte	0x5
 430 005d 23020000 		.4byte	.LASF5
ARM GAS  C:\tmp\cc2mYzJb.s 			page 15


 431 0061 04       		.uleb128 0x4
 432 0062 02       		.byte	0x2
 433 0063 07       		.byte	0x7
 434 0064 56000000 		.4byte	.LASF6
 435 0068 04       		.uleb128 0x4
 436 0069 04       		.byte	0x4
 437 006a 05       		.byte	0x5
 438 006b 42020000 		.4byte	.LASF7
 439 006f 04       		.uleb128 0x4
 440 0070 04       		.byte	0x4
 441 0071 07       		.byte	0x7
 442 0072 91000000 		.4byte	.LASF8
 443 0076 04       		.uleb128 0x4
 444 0077 08       		.byte	0x8
 445 0078 07       		.byte	0x7
 446 0079 3A010000 		.4byte	.LASF9
 447 007d 04       		.uleb128 0x4
 448 007e 04       		.byte	0x4
 449 007f 07       		.byte	0x7
 450 0080 EC010000 		.4byte	.LASF10
 451 0084 05       		.uleb128 0x5
 452 0085 04       		.byte	0x4
 453 0086 04       		.uleb128 0x4
 454 0087 01       		.byte	0x1
 455 0088 08       		.byte	0x8
 456 0089 0D020000 		.4byte	.LASF11
 457 008d 06       		.uleb128 0x6
 458 008e A3000000 		.4byte	.LASF13
 459 0092 03       		.byte	0x3
 460 0093 FB01     		.2byte	0x1fb
 461 0095 53000000 		.4byte	0x53
 462 0099 06       		.uleb128 0x6
 463 009a EC000000 		.4byte	.LASF14
 464 009e 03       		.byte	0x3
 465 009f FC01     		.2byte	0x1fc
 466 00a1 61000000 		.4byte	0x61
 467 00a5 06       		.uleb128 0x6
 468 00a6 F3000000 		.4byte	.LASF15
 469 00aa 03       		.byte	0x3
 470 00ab FD01     		.2byte	0x1fd
 471 00ad 6F000000 		.4byte	0x6f
 472 00b1 04       		.uleb128 0x4
 473 00b2 04       		.byte	0x4
 474 00b3 04       		.byte	0x4
 475 00b4 69000000 		.4byte	.LASF16
 476 00b8 04       		.uleb128 0x4
 477 00b9 08       		.byte	0x8
 478 00ba 04       		.byte	0x4
 479 00bb D9000000 		.4byte	.LASF17
 480 00bf 06       		.uleb128 0x6
 481 00c0 8C000000 		.4byte	.LASF18
 482 00c4 03       		.byte	0x3
 483 00c5 A502     		.2byte	0x2a5
 484 00c7 CB000000 		.4byte	0xcb
 485 00cb 07       		.uleb128 0x7
 486 00cc 8D000000 		.4byte	0x8d
 487 00d0 06       		.uleb128 0x6
ARM GAS  C:\tmp\cc2mYzJb.s 			page 16


 488 00d1 0E000000 		.4byte	.LASF19
 489 00d5 03       		.byte	0x3
 490 00d6 A702     		.2byte	0x2a7
 491 00d8 DC000000 		.4byte	0xdc
 492 00dc 07       		.uleb128 0x7
 493 00dd A5000000 		.4byte	0xa5
 494 00e1 08       		.uleb128 0x8
 495 00e2 1B000000 		.4byte	.LASF37
 496 00e6 01       		.byte	0x1
 497 00e7 F1       		.byte	0xf1
 498 00e8 00000000 		.4byte	.LFB6
 499 00ec 20000000 		.4byte	.LFE6-.LFB6
 500 00f0 01       		.uleb128 0x1
 501 00f1 9C       		.byte	0x9c
 502 00f2 09       		.uleb128 0x9
 503 00f3 BA000000 		.4byte	.LASF20
 504 00f7 01       		.byte	0x1
 505 00f8 4C       		.byte	0x4c
 506 00f9 00000000 		.4byte	.LFB2
 507 00fd 0C000000 		.4byte	.LFE2-.LFB2
 508 0101 01       		.uleb128 0x1
 509 0102 9C       		.byte	0x9c
 510 0103 3F010000 		.4byte	0x13f
 511 0107 0A       		.uleb128 0xa
 512 0108 7300     		.ascii	"s\000"
 513 010a 01       		.byte	0x1
 514 010b 4C       		.byte	0x4c
 515 010c 84000000 		.4byte	0x84
 516 0110 00000000 		.4byte	.LLST0
 517 0114 0A       		.uleb128 0xa
 518 0115 6E00     		.ascii	"n\000"
 519 0117 01       		.byte	0x1
 520 0118 4C       		.byte	0x4c
 521 0119 2C000000 		.4byte	0x2c
 522 011d 21000000 		.4byte	.LLST1
 523 0121 0B       		.uleb128 0xb
 524 0122 0A000000 		.4byte	.LVL2
 525 0126 CA020000 		.4byte	0x2ca
 526 012a 0C       		.uleb128 0xc
 527 012b 01       		.uleb128 0x1
 528 012c 50       		.byte	0x50
 529 012d 03       		.uleb128 0x3
 530 012e F3       		.byte	0xf3
 531 012f 01       		.uleb128 0x1
 532 0130 50       		.byte	0x50
 533 0131 0C       		.uleb128 0xc
 534 0132 01       		.uleb128 0x1
 535 0133 51       		.byte	0x51
 536 0134 01       		.uleb128 0x1
 537 0135 30       		.byte	0x30
 538 0136 0C       		.uleb128 0xc
 539 0137 01       		.uleb128 0x1
 540 0138 52       		.byte	0x52
 541 0139 03       		.uleb128 0x3
 542 013a F3       		.byte	0xf3
 543 013b 01       		.uleb128 0x1
 544 013c 51       		.byte	0x51
ARM GAS  C:\tmp\cc2mYzJb.s 			page 17


 545 013d 00       		.byte	0
 546 013e 00       		.byte	0
 547 013f 09       		.uleb128 0x9
 548 0140 4B000000 		.4byte	.LASF21
 549 0144 01       		.byte	0x1
 550 0145 AA       		.byte	0xaa
 551 0146 00000000 		.4byte	.LFB5
 552 014a D8000000 		.4byte	.LFE5-.LFB5
 553 014e 01       		.uleb128 0x1
 554 014f 9C       		.byte	0x9c
 555 0150 E7010000 		.4byte	0x1e7
 556 0154 0D       		.uleb128 0xd
 557 0155 0C000000 		.4byte	.LVL3
 558 0159 D3020000 		.4byte	0x2d3
 559 015d 0E       		.uleb128 0xe
 560 015e 12000000 		.4byte	.LVL4
 561 0162 DE020000 		.4byte	0x2de
 562 0166 74010000 		.4byte	0x174
 563 016a 0C       		.uleb128 0xc
 564 016b 01       		.uleb128 0x1
 565 016c 50       		.byte	0x50
 566 016d 05       		.uleb128 0x5
 567 016e 0C       		.byte	0xc
 568 016f 001BB700 		.4byte	0xb71b00
 569 0173 00       		.byte	0
 570 0174 0E       		.uleb128 0xe
 571 0175 18000000 		.4byte	.LVL5
 572 0179 E9020000 		.4byte	0x2e9
 573 017d 87010000 		.4byte	0x187
 574 0181 0C       		.uleb128 0xc
 575 0182 01       		.uleb128 0x1
 576 0183 50       		.byte	0x50
 577 0184 01       		.uleb128 0x1
 578 0185 31       		.byte	0x31
 579 0186 00       		.byte	0
 580 0187 0E       		.uleb128 0xe
 581 0188 1E000000 		.4byte	.LVL6
 582 018c F4020000 		.4byte	0x2f4
 583 0190 9A010000 		.4byte	0x19a
 584 0194 0C       		.uleb128 0xc
 585 0195 01       		.uleb128 0x1
 586 0196 50       		.byte	0x50
 587 0197 01       		.uleb128 0x1
 588 0198 35       		.byte	0x35
 589 0199 00       		.byte	0
 590 019a 0E       		.uleb128 0xe
 591 019b 54000000 		.4byte	.LVL7
 592 019f FF020000 		.4byte	0x2ff
 593 01a3 AF010000 		.4byte	0x1af
 594 01a7 0C       		.uleb128 0xc
 595 01a8 01       		.uleb128 0x1
 596 01a9 50       		.byte	0x50
 597 01aa 03       		.uleb128 0x3
 598 01ab 0A       		.byte	0xa
 599 01ac D007     		.2byte	0x7d0
 600 01ae 00       		.byte	0
 601 01af 0E       		.uleb128 0xe
ARM GAS  C:\tmp\cc2mYzJb.s 			page 18


 602 01b0 5A000000 		.4byte	.LVL8
 603 01b4 0A030000 		.4byte	0x30a
 604 01b8 C4010000 		.4byte	0x1c4
 605 01bc 0C       		.uleb128 0xc
 606 01bd 01       		.uleb128 0x1
 607 01be 50       		.byte	0x50
 608 01bf 03       		.uleb128 0x3
 609 01c0 0A       		.byte	0xa
 610 01c1 DC05     		.2byte	0x5dc
 611 01c3 00       		.byte	0
 612 01c4 0E       		.uleb128 0xe
 613 01c5 82000000 		.4byte	.LVL9
 614 01c9 15030000 		.4byte	0x315
 615 01cd D7010000 		.4byte	0x1d7
 616 01d1 0C       		.uleb128 0xc
 617 01d2 01       		.uleb128 0x1
 618 01d3 50       		.byte	0x50
 619 01d4 01       		.uleb128 0x1
 620 01d5 38       		.byte	0x38
 621 01d6 00       		.byte	0
 622 01d7 0B       		.uleb128 0xb
 623 01d8 88000000 		.4byte	.LVL10
 624 01dc 20030000 		.4byte	0x320
 625 01e0 0C       		.uleb128 0xc
 626 01e1 01       		.uleb128 0x1
 627 01e2 50       		.byte	0x50
 628 01e3 01       		.uleb128 0x1
 629 01e4 38       		.byte	0x38
 630 01e5 00       		.byte	0
 631 01e6 00       		.byte	0
 632 01e7 0F       		.uleb128 0xf
 633 01e8 25010000 		.4byte	.LASF38
 634 01ec 01       		.byte	0x1
 635 01ed 0C01     		.2byte	0x10c
 636 01ef D8000000 		.4byte	.LFB7
 637 01f3 D8000000 		.4byte	.LFE7-.LFB7
 638 01f7 01       		.uleb128 0x1
 639 01f8 9C       		.byte	0x9c
 640 01f9 CA020000 		.4byte	0x2ca
 641 01fd 10       		.uleb128 0x10
 642 01fe E2000000 		.4byte	.LBB2
 643 0202 54000000 		.4byte	.LBE2-.LBB2
 644 0206 B7020000 		.4byte	0x2b7
 645 020a 11       		.uleb128 0x11
 646 020b 06       		.byte	0x6
 647 020c 01       		.byte	0x1
 648 020d 1501     		.2byte	0x115
 649 020f 2E020000 		.4byte	0x22e
 650 0213 12       		.uleb128 0x12
 651 0214 32010000 		.4byte	.LASF22
 652 0218 01       		.byte	0x1
 653 0219 1601     		.2byte	0x116
 654 021b 84000000 		.4byte	0x84
 655 021f 00       		.byte	0
 656 0220 12       		.uleb128 0x12
 657 0221 6F000000 		.4byte	.LASF23
 658 0225 01       		.byte	0x1
ARM GAS  C:\tmp\cc2mYzJb.s 			page 19


 659 0226 1701     		.2byte	0x117
 660 0228 99000000 		.4byte	0x99
 661 022c 04       		.byte	0x4
 662 022d 00       		.byte	0
 663 022e 06       		.uleb128 0x6
 664 022f DF010000 		.4byte	.LASF24
 665 0233 01       		.byte	0x1
 666 0234 1801     		.2byte	0x118
 667 0236 0A020000 		.4byte	0x20a
 668 023a 13       		.uleb128 0x13
 669 023b 4A020000 		.4byte	0x24a
 670 023f 4A020000 		.4byte	0x24a
 671 0243 14       		.uleb128 0x14
 672 0244 7D000000 		.4byte	0x7d
 673 0248 01       		.byte	0x1
 674 0249 00       		.byte	0
 675 024a 15       		.uleb128 0x15
 676 024b 2E020000 		.4byte	0x22e
 677 024f 16       		.uleb128 0x16
 678 0250 3B000000 		.4byte	.LASF25
 679 0254 01       		.byte	0x1
 680 0255 1A01     		.2byte	0x11a
 681 0257 61020000 		.4byte	0x261
 682 025b 05       		.uleb128 0x5
 683 025c 03       		.byte	0x3
 684 025d 00000000 		.4byte	cfg_memset_list.4893
 685 0261 15       		.uleb128 0x15
 686 0262 3A020000 		.4byte	0x23a
 687 0266 17       		.uleb128 0x17
 688 0267 6900     		.ascii	"i\000"
 689 0269 01       		.byte	0x1
 690 026a 2001     		.2byte	0x120
 691 026c 8D000000 		.4byte	0x8d
 692 0270 4D000000 		.4byte	.LLST2
 693 0274 18       		.uleb128 0x18
 694 0275 E6000000 		.4byte	.LBB3
 695 0279 1C000000 		.4byte	.LBE3-.LBB3
 696 027d 17       		.uleb128 0x17
 697 027e 6D7300   		.ascii	"ms\000"
 698 0281 01       		.byte	0x1
 699 0282 2501     		.2byte	0x125
 700 0284 8C020000 		.4byte	0x28c
 701 0288 77000000 		.4byte	.LLST3
 702 028c 19       		.uleb128 0x19
 703 028d 04       		.byte	0x4
 704 028e 4A020000 		.4byte	0x24a
 705 0292 0B       		.uleb128 0xb
 706 0293 02010000 		.4byte	.LVL13
 707 0297 F2000000 		.4byte	0xf2
 708 029b 0C       		.uleb128 0xc
 709 029c 01       		.uleb128 0x1
 710 029d 51       		.byte	0x51
 711 029e 15       		.uleb128 0x15
 712 029f 74       		.byte	0x74
 713 02a0 00       		.sleb128 0
 714 02a1 31       		.byte	0x31
 715 02a2 24       		.byte	0x24
ARM GAS  C:\tmp\cc2mYzJb.s 			page 20


 716 02a3 74       		.byte	0x74
 717 02a4 00       		.sleb128 0
 718 02a5 22       		.byte	0x22
 719 02a6 31       		.byte	0x31
 720 02a7 24       		.byte	0x24
 721 02a8 03       		.byte	0x3
 722 02a9 04000000 		.4byte	.LANCHOR0+4
 723 02ad 22       		.byte	0x22
 724 02ae 94       		.byte	0x94
 725 02af 02       		.byte	0x2
 726 02b0 0A       		.byte	0xa
 727 02b1 FFFF     		.2byte	0xffff
 728 02b3 1A       		.byte	0x1a
 729 02b4 00       		.byte	0
 730 02b5 00       		.byte	0
 731 02b6 00       		.byte	0
 732 02b7 0D       		.uleb128 0xd
 733 02b8 60010000 		.4byte	.LVL16
 734 02bc 3F010000 		.4byte	0x13f
 735 02c0 0D       		.uleb128 0xd
 736 02c1 64010000 		.4byte	.LVL17
 737 02c5 E1000000 		.4byte	0xe1
 738 02c9 00       		.byte	0
 739 02ca 1A       		.uleb128 0x1a
 740 02cb D2000000 		.4byte	.LASF39
 741 02cf D2000000 		.4byte	.LASF39
 742 02d3 1B       		.uleb128 0x1b
 743 02d4 A9000000 		.4byte	.LASF26
 744 02d8 A9000000 		.4byte	.LASF26
 745 02dc 04       		.byte	0x4
 746 02dd 4E       		.byte	0x4e
 747 02de 1B       		.uleb128 0x1b
 748 02df 00000000 		.4byte	.LASF27
 749 02e3 00000000 		.4byte	.LASF27
 750 02e7 05       		.byte	0x5
 751 02e8 EF       		.byte	0xef
 752 02e9 1B       		.uleb128 0x1b
 753 02ea 74000000 		.4byte	.LASF28
 754 02ee 74000000 		.4byte	.LASF28
 755 02f2 04       		.byte	0x4
 756 02f3 50       		.byte	0x50
 757 02f4 1B       		.uleb128 0x1b
 758 02f5 2D020000 		.4byte	.LASF29
 759 02f9 2D020000 		.4byte	.LASF29
 760 02fd 05       		.byte	0x5
 761 02fe 6C       		.byte	0x6c
 762 02ff 1B       		.uleb128 0x1b
 763 0300 12020000 		.4byte	.LASF30
 764 0304 12020000 		.4byte	.LASF30
 765 0308 05       		.byte	0x5
 766 0309 84       		.byte	0x84
 767 030a 1B       		.uleb128 0x1b
 768 030b 03020000 		.4byte	.LASF31
 769 030f 03020000 		.4byte	.LASF31
 770 0313 05       		.byte	0x5
 771 0314 ED       		.byte	0xed
 772 0315 1B       		.uleb128 0x1b
ARM GAS  C:\tmp\cc2mYzJb.s 			page 21


 773 0316 2C000000 		.4byte	.LASF32
 774 031a 2C000000 		.4byte	.LASF32
 775 031e 05       		.byte	0x5
 776 031f D0       		.byte	0xd0
 777 0320 1B       		.uleb128 0x1b
 778 0321 E0000000 		.4byte	.LASF33
 779 0325 E0000000 		.4byte	.LASF33
 780 0329 05       		.byte	0x5
 781 032a D6       		.byte	0xd6
 782 032b 00       		.byte	0
 783              		.section	.debug_abbrev,"",%progbits
 784              	.Ldebug_abbrev0:
 785 0000 01       		.uleb128 0x1
 786 0001 11       		.uleb128 0x11
 787 0002 01       		.byte	0x1
 788 0003 25       		.uleb128 0x25
 789 0004 0E       		.uleb128 0xe
 790 0005 13       		.uleb128 0x13
 791 0006 0B       		.uleb128 0xb
 792 0007 03       		.uleb128 0x3
 793 0008 0E       		.uleb128 0xe
 794 0009 1B       		.uleb128 0x1b
 795 000a 0E       		.uleb128 0xe
 796 000b 55       		.uleb128 0x55
 797 000c 17       		.uleb128 0x17
 798 000d 11       		.uleb128 0x11
 799 000e 01       		.uleb128 0x1
 800 000f 10       		.uleb128 0x10
 801 0010 17       		.uleb128 0x17
 802 0011 00       		.byte	0
 803 0012 00       		.byte	0
 804 0013 02       		.uleb128 0x2
 805 0014 24       		.uleb128 0x24
 806 0015 00       		.byte	0
 807 0016 0B       		.uleb128 0xb
 808 0017 0B       		.uleb128 0xb
 809 0018 3E       		.uleb128 0x3e
 810 0019 0B       		.uleb128 0xb
 811 001a 03       		.uleb128 0x3
 812 001b 08       		.uleb128 0x8
 813 001c 00       		.byte	0
 814 001d 00       		.byte	0
 815 001e 03       		.uleb128 0x3
 816 001f 16       		.uleb128 0x16
 817 0020 00       		.byte	0
 818 0021 03       		.uleb128 0x3
 819 0022 0E       		.uleb128 0xe
 820 0023 3A       		.uleb128 0x3a
 821 0024 0B       		.uleb128 0xb
 822 0025 3B       		.uleb128 0x3b
 823 0026 0B       		.uleb128 0xb
 824 0027 49       		.uleb128 0x49
 825 0028 13       		.uleb128 0x13
 826 0029 00       		.byte	0
 827 002a 00       		.byte	0
 828 002b 04       		.uleb128 0x4
 829 002c 24       		.uleb128 0x24
ARM GAS  C:\tmp\cc2mYzJb.s 			page 22


 830 002d 00       		.byte	0
 831 002e 0B       		.uleb128 0xb
 832 002f 0B       		.uleb128 0xb
 833 0030 3E       		.uleb128 0x3e
 834 0031 0B       		.uleb128 0xb
 835 0032 03       		.uleb128 0x3
 836 0033 0E       		.uleb128 0xe
 837 0034 00       		.byte	0
 838 0035 00       		.byte	0
 839 0036 05       		.uleb128 0x5
 840 0037 0F       		.uleb128 0xf
 841 0038 00       		.byte	0
 842 0039 0B       		.uleb128 0xb
 843 003a 0B       		.uleb128 0xb
 844 003b 00       		.byte	0
 845 003c 00       		.byte	0
 846 003d 06       		.uleb128 0x6
 847 003e 16       		.uleb128 0x16
 848 003f 00       		.byte	0
 849 0040 03       		.uleb128 0x3
 850 0041 0E       		.uleb128 0xe
 851 0042 3A       		.uleb128 0x3a
 852 0043 0B       		.uleb128 0xb
 853 0044 3B       		.uleb128 0x3b
 854 0045 05       		.uleb128 0x5
 855 0046 49       		.uleb128 0x49
 856 0047 13       		.uleb128 0x13
 857 0048 00       		.byte	0
 858 0049 00       		.byte	0
 859 004a 07       		.uleb128 0x7
 860 004b 35       		.uleb128 0x35
 861 004c 00       		.byte	0
 862 004d 49       		.uleb128 0x49
 863 004e 13       		.uleb128 0x13
 864 004f 00       		.byte	0
 865 0050 00       		.byte	0
 866 0051 08       		.uleb128 0x8
 867 0052 2E       		.uleb128 0x2e
 868 0053 00       		.byte	0
 869 0054 03       		.uleb128 0x3
 870 0055 0E       		.uleb128 0xe
 871 0056 3A       		.uleb128 0x3a
 872 0057 0B       		.uleb128 0xb
 873 0058 3B       		.uleb128 0x3b
 874 0059 0B       		.uleb128 0xb
 875 005a 27       		.uleb128 0x27
 876 005b 19       		.uleb128 0x19
 877 005c 11       		.uleb128 0x11
 878 005d 01       		.uleb128 0x1
 879 005e 12       		.uleb128 0x12
 880 005f 06       		.uleb128 0x6
 881 0060 40       		.uleb128 0x40
 882 0061 18       		.uleb128 0x18
 883 0062 9742     		.uleb128 0x2117
 884 0064 19       		.uleb128 0x19
 885 0065 00       		.byte	0
 886 0066 00       		.byte	0
ARM GAS  C:\tmp\cc2mYzJb.s 			page 23


 887 0067 09       		.uleb128 0x9
 888 0068 2E       		.uleb128 0x2e
 889 0069 01       		.byte	0x1
 890 006a 03       		.uleb128 0x3
 891 006b 0E       		.uleb128 0xe
 892 006c 3A       		.uleb128 0x3a
 893 006d 0B       		.uleb128 0xb
 894 006e 3B       		.uleb128 0x3b
 895 006f 0B       		.uleb128 0xb
 896 0070 27       		.uleb128 0x27
 897 0071 19       		.uleb128 0x19
 898 0072 11       		.uleb128 0x11
 899 0073 01       		.uleb128 0x1
 900 0074 12       		.uleb128 0x12
 901 0075 06       		.uleb128 0x6
 902 0076 40       		.uleb128 0x40
 903 0077 18       		.uleb128 0x18
 904 0078 9742     		.uleb128 0x2117
 905 007a 19       		.uleb128 0x19
 906 007b 01       		.uleb128 0x1
 907 007c 13       		.uleb128 0x13
 908 007d 00       		.byte	0
 909 007e 00       		.byte	0
 910 007f 0A       		.uleb128 0xa
 911 0080 05       		.uleb128 0x5
 912 0081 00       		.byte	0
 913 0082 03       		.uleb128 0x3
 914 0083 08       		.uleb128 0x8
 915 0084 3A       		.uleb128 0x3a
 916 0085 0B       		.uleb128 0xb
 917 0086 3B       		.uleb128 0x3b
 918 0087 0B       		.uleb128 0xb
 919 0088 49       		.uleb128 0x49
 920 0089 13       		.uleb128 0x13
 921 008a 02       		.uleb128 0x2
 922 008b 17       		.uleb128 0x17
 923 008c 00       		.byte	0
 924 008d 00       		.byte	0
 925 008e 0B       		.uleb128 0xb
 926 008f 898201   		.uleb128 0x4109
 927 0092 01       		.byte	0x1
 928 0093 11       		.uleb128 0x11
 929 0094 01       		.uleb128 0x1
 930 0095 31       		.uleb128 0x31
 931 0096 13       		.uleb128 0x13
 932 0097 00       		.byte	0
 933 0098 00       		.byte	0
 934 0099 0C       		.uleb128 0xc
 935 009a 8A8201   		.uleb128 0x410a
 936 009d 00       		.byte	0
 937 009e 02       		.uleb128 0x2
 938 009f 18       		.uleb128 0x18
 939 00a0 9142     		.uleb128 0x2111
 940 00a2 18       		.uleb128 0x18
 941 00a3 00       		.byte	0
 942 00a4 00       		.byte	0
 943 00a5 0D       		.uleb128 0xd
ARM GAS  C:\tmp\cc2mYzJb.s 			page 24


 944 00a6 898201   		.uleb128 0x4109
 945 00a9 00       		.byte	0
 946 00aa 11       		.uleb128 0x11
 947 00ab 01       		.uleb128 0x1
 948 00ac 31       		.uleb128 0x31
 949 00ad 13       		.uleb128 0x13
 950 00ae 00       		.byte	0
 951 00af 00       		.byte	0
 952 00b0 0E       		.uleb128 0xe
 953 00b1 898201   		.uleb128 0x4109
 954 00b4 01       		.byte	0x1
 955 00b5 11       		.uleb128 0x11
 956 00b6 01       		.uleb128 0x1
 957 00b7 31       		.uleb128 0x31
 958 00b8 13       		.uleb128 0x13
 959 00b9 01       		.uleb128 0x1
 960 00ba 13       		.uleb128 0x13
 961 00bb 00       		.byte	0
 962 00bc 00       		.byte	0
 963 00bd 0F       		.uleb128 0xf
 964 00be 2E       		.uleb128 0x2e
 965 00bf 01       		.byte	0x1
 966 00c0 3F       		.uleb128 0x3f
 967 00c1 19       		.uleb128 0x19
 968 00c2 03       		.uleb128 0x3
 969 00c3 0E       		.uleb128 0xe
 970 00c4 3A       		.uleb128 0x3a
 971 00c5 0B       		.uleb128 0xb
 972 00c6 3B       		.uleb128 0x3b
 973 00c7 05       		.uleb128 0x5
 974 00c8 27       		.uleb128 0x27
 975 00c9 19       		.uleb128 0x19
 976 00ca 11       		.uleb128 0x11
 977 00cb 01       		.uleb128 0x1
 978 00cc 12       		.uleb128 0x12
 979 00cd 06       		.uleb128 0x6
 980 00ce 40       		.uleb128 0x40
 981 00cf 18       		.uleb128 0x18
 982 00d0 9742     		.uleb128 0x2117
 983 00d2 19       		.uleb128 0x19
 984 00d3 01       		.uleb128 0x1
 985 00d4 13       		.uleb128 0x13
 986 00d5 00       		.byte	0
 987 00d6 00       		.byte	0
 988 00d7 10       		.uleb128 0x10
 989 00d8 0B       		.uleb128 0xb
 990 00d9 01       		.byte	0x1
 991 00da 11       		.uleb128 0x11
 992 00db 01       		.uleb128 0x1
 993 00dc 12       		.uleb128 0x12
 994 00dd 06       		.uleb128 0x6
 995 00de 01       		.uleb128 0x1
 996 00df 13       		.uleb128 0x13
 997 00e0 00       		.byte	0
 998 00e1 00       		.byte	0
 999 00e2 11       		.uleb128 0x11
 1000 00e3 13       		.uleb128 0x13
ARM GAS  C:\tmp\cc2mYzJb.s 			page 25


 1001 00e4 01       		.byte	0x1
 1002 00e5 0B       		.uleb128 0xb
 1003 00e6 0B       		.uleb128 0xb
 1004 00e7 3A       		.uleb128 0x3a
 1005 00e8 0B       		.uleb128 0xb
 1006 00e9 3B       		.uleb128 0x3b
 1007 00ea 05       		.uleb128 0x5
 1008 00eb 01       		.uleb128 0x1
 1009 00ec 13       		.uleb128 0x13
 1010 00ed 00       		.byte	0
 1011 00ee 00       		.byte	0
 1012 00ef 12       		.uleb128 0x12
 1013 00f0 0D       		.uleb128 0xd
 1014 00f1 00       		.byte	0
 1015 00f2 03       		.uleb128 0x3
 1016 00f3 0E       		.uleb128 0xe
 1017 00f4 3A       		.uleb128 0x3a
 1018 00f5 0B       		.uleb128 0xb
 1019 00f6 3B       		.uleb128 0x3b
 1020 00f7 05       		.uleb128 0x5
 1021 00f8 49       		.uleb128 0x49
 1022 00f9 13       		.uleb128 0x13
 1023 00fa 38       		.uleb128 0x38
 1024 00fb 0B       		.uleb128 0xb
 1025 00fc 00       		.byte	0
 1026 00fd 00       		.byte	0
 1027 00fe 13       		.uleb128 0x13
 1028 00ff 01       		.uleb128 0x1
 1029 0100 01       		.byte	0x1
 1030 0101 49       		.uleb128 0x49
 1031 0102 13       		.uleb128 0x13
 1032 0103 01       		.uleb128 0x1
 1033 0104 13       		.uleb128 0x13
 1034 0105 00       		.byte	0
 1035 0106 00       		.byte	0
 1036 0107 14       		.uleb128 0x14
 1037 0108 21       		.uleb128 0x21
 1038 0109 00       		.byte	0
 1039 010a 49       		.uleb128 0x49
 1040 010b 13       		.uleb128 0x13
 1041 010c 2F       		.uleb128 0x2f
 1042 010d 0B       		.uleb128 0xb
 1043 010e 00       		.byte	0
 1044 010f 00       		.byte	0
 1045 0110 15       		.uleb128 0x15
 1046 0111 26       		.uleb128 0x26
 1047 0112 00       		.byte	0
 1048 0113 49       		.uleb128 0x49
 1049 0114 13       		.uleb128 0x13
 1050 0115 00       		.byte	0
 1051 0116 00       		.byte	0
 1052 0117 16       		.uleb128 0x16
 1053 0118 34       		.uleb128 0x34
 1054 0119 00       		.byte	0
 1055 011a 03       		.uleb128 0x3
 1056 011b 0E       		.uleb128 0xe
 1057 011c 3A       		.uleb128 0x3a
ARM GAS  C:\tmp\cc2mYzJb.s 			page 26


 1058 011d 0B       		.uleb128 0xb
 1059 011e 3B       		.uleb128 0x3b
 1060 011f 05       		.uleb128 0x5
 1061 0120 49       		.uleb128 0x49
 1062 0121 13       		.uleb128 0x13
 1063 0122 02       		.uleb128 0x2
 1064 0123 18       		.uleb128 0x18
 1065 0124 00       		.byte	0
 1066 0125 00       		.byte	0
 1067 0126 17       		.uleb128 0x17
 1068 0127 34       		.uleb128 0x34
 1069 0128 00       		.byte	0
 1070 0129 03       		.uleb128 0x3
 1071 012a 08       		.uleb128 0x8
 1072 012b 3A       		.uleb128 0x3a
 1073 012c 0B       		.uleb128 0xb
 1074 012d 3B       		.uleb128 0x3b
 1075 012e 05       		.uleb128 0x5
 1076 012f 49       		.uleb128 0x49
 1077 0130 13       		.uleb128 0x13
 1078 0131 02       		.uleb128 0x2
 1079 0132 17       		.uleb128 0x17
 1080 0133 00       		.byte	0
 1081 0134 00       		.byte	0
 1082 0135 18       		.uleb128 0x18
 1083 0136 0B       		.uleb128 0xb
 1084 0137 01       		.byte	0x1
 1085 0138 11       		.uleb128 0x11
 1086 0139 01       		.uleb128 0x1
 1087 013a 12       		.uleb128 0x12
 1088 013b 06       		.uleb128 0x6
 1089 013c 00       		.byte	0
 1090 013d 00       		.byte	0
 1091 013e 19       		.uleb128 0x19
 1092 013f 0F       		.uleb128 0xf
 1093 0140 00       		.byte	0
 1094 0141 0B       		.uleb128 0xb
 1095 0142 0B       		.uleb128 0xb
 1096 0143 49       		.uleb128 0x49
 1097 0144 13       		.uleb128 0x13
 1098 0145 00       		.byte	0
 1099 0146 00       		.byte	0
 1100 0147 1A       		.uleb128 0x1a
 1101 0148 2E       		.uleb128 0x2e
 1102 0149 00       		.byte	0
 1103 014a 3F       		.uleb128 0x3f
 1104 014b 19       		.uleb128 0x19
 1105 014c 3C       		.uleb128 0x3c
 1106 014d 19       		.uleb128 0x19
 1107 014e 6E       		.uleb128 0x6e
 1108 014f 0E       		.uleb128 0xe
 1109 0150 03       		.uleb128 0x3
 1110 0151 0E       		.uleb128 0xe
 1111 0152 00       		.byte	0
 1112 0153 00       		.byte	0
 1113 0154 1B       		.uleb128 0x1b
 1114 0155 2E       		.uleb128 0x2e
ARM GAS  C:\tmp\cc2mYzJb.s 			page 27


 1115 0156 00       		.byte	0
 1116 0157 3F       		.uleb128 0x3f
 1117 0158 19       		.uleb128 0x19
 1118 0159 3C       		.uleb128 0x3c
 1119 015a 19       		.uleb128 0x19
 1120 015b 6E       		.uleb128 0x6e
 1121 015c 0E       		.uleb128 0xe
 1122 015d 03       		.uleb128 0x3
 1123 015e 0E       		.uleb128 0xe
 1124 015f 3A       		.uleb128 0x3a
 1125 0160 0B       		.uleb128 0xb
 1126 0161 3B       		.uleb128 0x3b
 1127 0162 0B       		.uleb128 0xb
 1128 0163 00       		.byte	0
 1129 0164 00       		.byte	0
 1130 0165 00       		.byte	0
 1131              		.section	.debug_loc,"",%progbits
 1132              	.Ldebug_loc0:
 1133              	.LLST0:
 1134 0000 00000000 		.4byte	.LVL0
 1135 0004 09000000 		.4byte	.LVL2-1
 1136 0008 0100     		.2byte	0x1
 1137 000a 50       		.byte	0x50
 1138 000b 09000000 		.4byte	.LVL2-1
 1139 000f 0C000000 		.4byte	.LFE2
 1140 0013 0400     		.2byte	0x4
 1141 0015 F3       		.byte	0xf3
 1142 0016 01       		.uleb128 0x1
 1143 0017 50       		.byte	0x50
 1144 0018 9F       		.byte	0x9f
 1145 0019 00000000 		.4byte	0
 1146 001d 00000000 		.4byte	0
 1147              	.LLST1:
 1148 0021 00000000 		.4byte	.LVL0
 1149 0025 06000000 		.4byte	.LVL1
 1150 0029 0100     		.2byte	0x1
 1151 002b 51       		.byte	0x51
 1152 002c 06000000 		.4byte	.LVL1
 1153 0030 09000000 		.4byte	.LVL2-1
 1154 0034 0100     		.2byte	0x1
 1155 0036 52       		.byte	0x52
 1156 0037 09000000 		.4byte	.LVL2-1
 1157 003b 0C000000 		.4byte	.LFE2
 1158 003f 0400     		.2byte	0x4
 1159 0041 F3       		.byte	0xf3
 1160 0042 01       		.uleb128 0x1
 1161 0043 51       		.byte	0x51
 1162 0044 9F       		.byte	0x9f
 1163 0045 00000000 		.4byte	0
 1164 0049 00000000 		.4byte	0
 1165              	.LLST2:
 1166 004d E2000000 		.4byte	.LVL11
 1167 0051 E6000000 		.4byte	.LVL12
 1168 0055 0200     		.2byte	0x2
 1169 0057 30       		.byte	0x30
 1170 0058 9F       		.byte	0x9f
 1171 0059 E6000000 		.4byte	.LVL12
ARM GAS  C:\tmp\cc2mYzJb.s 			page 28


 1172 005d 04010000 		.4byte	.LVL14
 1173 0061 0100     		.2byte	0x1
 1174 0063 54       		.byte	0x54
 1175 0064 06010000 		.4byte	.LVL15
 1176 0068 64010000 		.4byte	.LVL18
 1177 006c 0100     		.2byte	0x1
 1178 006e 54       		.byte	0x54
 1179 006f 00000000 		.4byte	0
 1180 0073 00000000 		.4byte	0
 1181              	.LLST3:
 1182 0077 E6000000 		.4byte	.LVL12
 1183 007b 04010000 		.4byte	.LVL14
 1184 007f 0B00     		.2byte	0xb
 1185 0081 74       		.byte	0x74
 1186 0082 00       		.sleb128 0
 1187 0083 36       		.byte	0x36
 1188 0084 1E       		.byte	0x1e
 1189 0085 03       		.byte	0x3
 1190 0086 00000000 		.4byte	cfg_memset_list.4893
 1191 008a 22       		.byte	0x22
 1192 008b 9F       		.byte	0x9f
 1193 008c 04010000 		.4byte	.LVL14
 1194 0090 06010000 		.4byte	.LVL15
 1195 0094 0B00     		.2byte	0xb
 1196 0096 74       		.byte	0x74
 1197 0097 7F       		.sleb128 -1
 1198 0098 36       		.byte	0x36
 1199 0099 1E       		.byte	0x1e
 1200 009a 03       		.byte	0x3
 1201 009b 00000000 		.4byte	cfg_memset_list.4893
 1202 009f 22       		.byte	0x22
 1203 00a0 9F       		.byte	0x9f
 1204 00a1 00000000 		.4byte	0
 1205 00a5 00000000 		.4byte	0
 1206              		.section	.debug_aranges,"",%progbits
 1207 0000 34000000 		.4byte	0x34
 1208 0004 0200     		.2byte	0x2
 1209 0006 00000000 		.4byte	.Ldebug_info0
 1210 000a 04       		.byte	0x4
 1211 000b 00       		.byte	0
 1212 000c 0000     		.2byte	0
 1213 000e 0000     		.2byte	0
 1214 0010 00000000 		.4byte	.LFB6
 1215 0014 20000000 		.4byte	.LFE6-.LFB6
 1216 0018 00000000 		.4byte	.LFB2
 1217 001c 0C000000 		.4byte	.LFE2-.LFB2
 1218 0020 00000000 		.4byte	.LFB5
 1219 0024 D8000000 		.4byte	.LFE5-.LFB5
 1220 0028 D8000000 		.4byte	.LFB7
 1221 002c D8000000 		.4byte	.LFE7-.LFB7
 1222 0030 00000000 		.4byte	0
 1223 0034 00000000 		.4byte	0
 1224              		.section	.debug_ranges,"",%progbits
 1225              	.Ldebug_ranges0:
 1226 0000 00000000 		.4byte	.LFB6
 1227 0004 20000000 		.4byte	.LFE6
 1228 0008 00000000 		.4byte	.LFB2
ARM GAS  C:\tmp\cc2mYzJb.s 			page 29


 1229 000c 0C000000 		.4byte	.LFE2
 1230 0010 00000000 		.4byte	.LFB5
 1231 0014 D8000000 		.4byte	.LFE5
 1232 0018 D8000000 		.4byte	.LFB7
 1233 001c B0010000 		.4byte	.LFE7
 1234 0020 00000000 		.4byte	0
 1235 0024 00000000 		.4byte	0
 1236              		.section	.debug_line,"",%progbits
 1237              	.Ldebug_line0:
 1238 0000 61010000 		.section	.debug_str,"MS",%progbits,1
 1238      0200E300 
 1238      00000201 
 1238      FB0E0D00 
 1238      01010101 
 1239              	.LASF27:
 1240 0000 43794465 		.ascii	"CyDelayCycles\000"
 1240      6C617943 
 1240      79636C65 
 1240      7300
 1241              	.LASF19:
 1242 000e 72656733 		.ascii	"reg32\000"
 1242      3200
 1243              	.LASF12:
 1244 0014 73697A65 		.ascii	"size_t\000"
 1244      5F7400
 1245              	.LASF37:
 1246 001b 416E616C 		.ascii	"AnalogSetDefault\000"
 1246      6F675365 
 1246      74446566 
 1246      61756C74 
 1246      00
 1247              	.LASF32:
 1248 002c 4379496E 		.ascii	"CyIntSetVector\000"
 1248      74536574 
 1248      56656374 
 1248      6F7200
 1249              	.LASF25:
 1250 003b 6366675F 		.ascii	"cfg_memset_list\000"
 1250      6D656D73 
 1250      65745F6C 
 1250      69737400 
 1251              	.LASF21:
 1252 004b 436C6F63 		.ascii	"ClockSetup\000"
 1252      6B536574 
 1252      757000
 1253              	.LASF6:
 1254 0056 73686F72 		.ascii	"short unsigned int\000"
 1254      7420756E 
 1254      7369676E 
 1254      65642069 
 1254      6E7400
 1255              	.LASF16:
 1256 0069 666C6F61 		.ascii	"float\000"
 1256      7400
 1257              	.LASF23:
 1258 006f 73697A65 		.ascii	"size\000"
 1258      00
ARM GAS  C:\tmp\cc2mYzJb.s 			page 30


 1259              	.LASF28:
 1260 0074 43795379 		.ascii	"CySysClkWcoSetPowerMode\000"
 1260      73436C6B 
 1260      57636F53 
 1260      6574506F 
 1260      7765724D 
 1261              	.LASF18:
 1262 008c 72656738 		.ascii	"reg8\000"
 1262      00
 1263              	.LASF8:
 1264 0091 6C6F6E67 		.ascii	"long unsigned int\000"
 1264      20756E73 
 1264      69676E65 
 1264      6420696E 
 1264      7400
 1265              	.LASF13:
 1266 00a3 75696E74 		.ascii	"uint8\000"
 1266      3800
 1267              	.LASF26:
 1268 00a9 43795379 		.ascii	"CySysClkWcoStart\000"
 1268      73436C6B 
 1268      57636F53 
 1268      74617274 
 1268      00
 1269              	.LASF20:
 1270 00ba 43594D45 		.ascii	"CYMEMZERO\000"
 1270      4D5A4552 
 1270      4F00
 1271              	.LASF4:
 1272 00c4 756E7369 		.ascii	"unsigned char\000"
 1272      676E6564 
 1272      20636861 
 1272      7200
 1273              	.LASF39:
 1274 00d2 6D656D73 		.ascii	"memset\000"
 1274      657400
 1275              	.LASF17:
 1276 00d9 646F7562 		.ascii	"double\000"
 1276      6C6500
 1277              	.LASF33:
 1278 00e0 4379496E 		.ascii	"CyIntEnable\000"
 1278      74456E61 
 1278      626C6500 
 1279              	.LASF14:
 1280 00ec 75696E74 		.ascii	"uint16\000"
 1280      313600
 1281              	.LASF15:
 1282 00f3 75696E74 		.ascii	"uint32\000"
 1282      333200
 1283              	.LASF36:
 1284 00fa 433A5C57 		.ascii	"C:\\Workspace02\\Design01.cydsn\000"
 1284      6F726B73 
 1284      70616365 
 1284      30325C44 
 1284      65736967 
 1285              	.LASF0:
 1286 0118 756E7369 		.ascii	"unsigned int\000"
ARM GAS  C:\tmp\cc2mYzJb.s 			page 31


 1286      676E6564 
 1286      20696E74 
 1286      00
 1287              	.LASF38:
 1288 0125 63796669 		.ascii	"cyfitter_cfg\000"
 1288      74746572 
 1288      5F636667 
 1288      00
 1289              	.LASF22:
 1290 0132 61646472 		.ascii	"address\000"
 1290      65737300 
 1291              	.LASF9:
 1292 013a 6C6F6E67 		.ascii	"long long unsigned int\000"
 1292      206C6F6E 
 1292      6720756E 
 1292      7369676E 
 1292      65642069 
 1293              	.LASF34:
 1294 0151 474E5520 		.ascii	"GNU C11 5.4.1 20160609 (release) [ARM/embedded-5-br"
 1294      43313120 
 1294      352E342E 
 1294      31203230 
 1294      31363036 
 1295 0184 616E6368 		.ascii	"anch revision 237715] -mcpu=cortex-m0 -mthumb -g -O"
 1295      20726576 
 1295      6973696F 
 1295      6E203233 
 1295      37373135 
 1296 01b7 67202D66 		.ascii	"g -ffunction-sections -ffat-lto-objects\000"
 1296      66756E63 
 1296      74696F6E 
 1296      2D736563 
 1296      74696F6E 
 1297              	.LASF24:
 1298 01df 6366675F 		.ascii	"cfg_memset_t\000"
 1298      6D656D73 
 1298      65745F74 
 1298      00
 1299              	.LASF10:
 1300 01ec 73697A65 		.ascii	"sizetype\000"
 1300      74797065 
 1300      00
 1301              	.LASF1:
 1302 01f5 6C6F6E67 		.ascii	"long long int\000"
 1302      206C6F6E 
 1302      6720696E 
 1302      7400
 1303              	.LASF31:
 1304 0203 43794465 		.ascii	"CyDelayUs\000"
 1304      6C617955 
 1304      7300
 1305              	.LASF11:
 1306 020d 63686172 		.ascii	"char\000"
 1306      00
 1307              	.LASF30:
 1308 0212 43795379 		.ascii	"CySysClkEcoStart\000"
 1308      73436C6B 
ARM GAS  C:\tmp\cc2mYzJb.s 			page 32


 1308      45636F53 
 1308      74617274 
 1308      00
 1309              	.LASF5:
 1310 0223 73686F72 		.ascii	"short int\000"
 1310      7420696E 
 1310      7400
 1311              	.LASF29:
 1312 022d 43795379 		.ascii	"CySysClkWriteImoFreq\000"
 1312      73436C6B 
 1312      57726974 
 1312      65496D6F 
 1312      46726571 
 1313              	.LASF7:
 1314 0242 6C6F6E67 		.ascii	"long int\000"
 1314      20696E74 
 1314      00
 1315              	.LASF2:
 1316 024b 6C6F6E67 		.ascii	"long double\000"
 1316      20646F75 
 1316      626C6500 
 1317              	.LASF3:
 1318 0257 7369676E 		.ascii	"signed char\000"
 1318      65642063 
 1318      68617200 
 1319              	.LASF35:
 1320 0263 47656E65 		.ascii	"Generated_Source\\PSoC4\\cyfitter_cfg.c\000"
 1320      72617465 
 1320      645F536F 
 1320      75726365 
 1320      5C50536F 
 1321              		.ident	"GCC: (GNU Tools for ARM Embedded Processors) 5.4.1 20160609 (release) [ARM/embedded-5-bran
